2020-08-31 21:06:10,680 - regvin - INFO - Creating Pyomo Model (debug=True)
2020-08-31 21:06:16,683 - regvin - INFO - -----Solving Pyomo Model (debug=True)
2020-08-31 21:06:18,813 - regvin - INFO - Finished. Fixing debug flows...
2020-08-31 21:06:18,829 - regvin - INFO - All debug flows eliminated (iter=1, vol=0.00)
2020-08-31 21:06:18,830 - regvin - INFO - -----Solving Pyomo Model (debug=False)
2020-08-31 21:06:19,866 - regvin - INFO - Optimal Solution Found (debug=False).
2020-08-31 21:08:08,218 - regvin - INFO - Creating Pyomo Model (debug=True)
2020-08-31 21:08:12,409 - regvin - INFO - -----Solving Pyomo Model (debug=True)
2020-08-31 21:08:13,477 - regvin - INFO - Finished. Fixing debug flows...
2020-08-31 21:08:13,494 - regvin - INFO - All debug flows eliminated (iter=1, vol=0.00)
2020-08-31 21:08:13,657 - regvin - INFO - Creating Pyomo Model (debug=False)
2020-08-31 21:08:17,495 - regvin - INFO - -----Solving Pyomo Model (debug=False)
2020-08-31 21:08:18,337 - regvin - INFO - Optimal Solution Found (debug=False).
2020-08-31 21:08:21,573 - regvin - INFO - Creating Pyomo Model (debug=True)
2020-08-31 21:08:25,850 - regvin - INFO - -----Solving Pyomo Model (debug=True)
2020-08-31 21:08:26,824 - regvin - INFO - Finished. Fixing debug flows...
2020-08-31 21:08:26,842 - regvin - INFO - All debug flows eliminated (iter=1, vol=0.00)
2020-08-31 21:08:26,890 - regvin - INFO - Creating Pyomo Model (debug=False)
2020-08-31 21:08:30,480 - regvin - INFO - -----Solving Pyomo Model (debug=False)
2020-08-31 21:08:31,310 - regvin - INFO - Optimal Solution Found (debug=False).
2020-08-31 21:12:31,464 - regvin - INFO - Creating Pyomo Model (debug=True)
2020-08-31 21:12:35,475 - regvin - INFO - -----Solving Pyomo Model (debug=True)
2020-08-31 21:12:36,616 - regvin - INFO - Finished. Fixing debug flows...
2020-08-31 21:12:36,635 - regvin - INFO - All debug flows eliminated (iter=1, vol=0.00)
2020-08-31 21:12:36,699 - regvin - INFO - Creating Pyomo Model (debug=False)
2020-08-31 21:12:40,204 - regvin - INFO - -----Solving Pyomo Model (debug=False)
2020-08-31 21:12:41,046 - regvin - INFO - Optimal Solution Found (debug=False).
2020-08-31 21:12:44,007 - regvin - INFO - Creating Pyomo Model (debug=True)
2020-08-31 21:12:48,122 - regvin - INFO - -----Solving Pyomo Model (debug=True)
2020-08-31 21:12:49,234 - regvin - INFO - Finished. Fixing debug flows...
2020-08-31 21:12:49,251 - regvin - INFO - All debug flows eliminated (iter=1, vol=0.00)
2020-08-31 21:12:49,302 - regvin - INFO - Creating Pyomo Model (debug=False)
2020-08-31 21:12:52,793 - regvin - INFO - -----Solving Pyomo Model (debug=False)
2020-08-31 21:12:53,517 - regvin - INFO - Optimal Solution Found (debug=False).
2020-08-31 21:13:07,159 - regvin - INFO - Creating Pyomo Model (debug=True)
2020-08-31 21:13:11,387 - regvin - INFO - -----Solving Pyomo Model (debug=True)
2020-08-31 21:13:12,364 - regvin - INFO - Finished. Fixing debug flows...
2020-08-31 21:13:12,380 - regvin - INFO - All debug flows eliminated (iter=1, vol=0.00)
2020-08-31 21:13:12,444 - regvin - INFO - Creating Pyomo Model (debug=False)
2020-08-31 21:13:16,022 - regvin - INFO - -----Solving Pyomo Model (debug=False)
2020-08-31 21:13:16,717 - regvin - INFO - Optimal Solution Found (debug=False).
2020-08-31 21:13:19,632 - regvin - INFO - Creating Pyomo Model (debug=True)
2020-08-31 21:13:24,291 - regvin - INFO - -----Solving Pyomo Model (debug=True)
2020-08-31 21:13:25,325 - regvin - INFO - Finished. Fixing debug flows...
2020-08-31 21:13:25,342 - regvin - INFO - All debug flows eliminated (iter=1, vol=0.00)
2020-08-31 21:13:25,397 - regvin - INFO - Creating Pyomo Model (debug=False)
2020-08-31 21:13:29,668 - regvin - INFO - -----Solving Pyomo Model (debug=False)
2020-08-31 21:13:30,426 - regvin - INFO - Optimal Solution Found (debug=False).
2020-08-31 21:13:34,512 - regvin - INFO - Creating Pyomo Model (debug=True)
2020-08-31 21:13:41,828 - regvin - INFO - -----Solving Pyomo Model (debug=True)
2020-08-31 21:13:43,997 - regvin - INFO - Finished. Fixing debug flows...
2020-08-31 21:13:44,021 - regvin - INFO - All debug flows eliminated (iter=1, vol=0.00)
2020-08-31 21:13:44,111 - regvin - INFO - Creating Pyomo Model (debug=False)
2020-08-31 21:13:49,511 - regvin - INFO - -----Solving Pyomo Model (debug=False)
2020-08-31 21:13:50,955 - regvin - INFO - Optimal Solution Found (debug=False).
2020-08-31 21:13:54,055 - regvin - INFO - Creating Pyomo Model (debug=True)
2020-08-31 21:13:58,129 - regvin - INFO - -----Solving Pyomo Model (debug=True)
2020-08-31 21:13:59,294 - regvin - INFO - Finished. Fixing debug flows...
2020-08-31 21:13:59,312 - regvin - INFO - All debug flows eliminated (iter=1, vol=0.00)
2020-08-31 21:13:59,366 - regvin - INFO - Creating Pyomo Model (debug=False)
2020-08-31 21:14:03,120 - regvin - INFO - -----Solving Pyomo Model (debug=False)
2020-08-31 21:14:03,863 - regvin - INFO - Optimal Solution Found (debug=False).
2020-08-31 21:14:07,426 - regvin - INFO - Creating Pyomo Model (debug=True)
2020-08-31 21:14:14,322 - regvin - INFO - -----Solving Pyomo Model (debug=True)
2020-08-31 21:14:15,474 - regvin - INFO - Finished. Fixing debug flows...
2020-08-31 21:14:15,492 - regvin - INFO - All debug flows eliminated (iter=1, vol=0.00)
2020-08-31 21:14:15,645 - regvin - INFO - Creating Pyomo Model (debug=False)
2020-08-31 21:14:19,387 - regvin - INFO - -----Solving Pyomo Model (debug=False)
2020-08-31 21:14:20,275 - regvin - INFO - Optimal Solution Found (debug=False).
2020-08-31 21:14:23,768 - regvin - INFO - Creating Pyomo Model (debug=True)
2020-08-31 21:14:29,051 - regvin - INFO - -----Solving Pyomo Model (debug=True)
2020-08-31 21:14:31,085 - regvin - INFO - Finished. Fixing debug flows...
2020-08-31 21:14:31,117 - regvin - INFO - All debug flows eliminated (iter=1, vol=0.00)
2020-08-31 21:14:31,216 - regvin - INFO - Creating Pyomo Model (debug=False)
2020-08-31 21:14:35,257 - regvin - INFO - -----Solving Pyomo Model (debug=False)
2020-08-31 21:14:36,017 - regvin - INFO - Optimal Solution Found (debug=False).
2020-08-31 21:14:39,348 - regvin - INFO - Creating Pyomo Model (debug=True)
2020-08-31 21:14:43,743 - regvin - INFO - -----Solving Pyomo Model (debug=True)
2020-08-31 21:14:44,754 - regvin - INFO - Finished. Fixing debug flows...
2020-08-31 21:14:44,772 - regvin - INFO - All debug flows eliminated (iter=1, vol=0.00)
2020-08-31 21:14:44,822 - regvin - INFO - Creating Pyomo Model (debug=False)
2020-08-31 21:14:49,251 - regvin - INFO - -----Solving Pyomo Model (debug=False)
2020-08-31 21:14:49,981 - regvin - INFO - Optimal Solution Found (debug=False).
2020-08-31 21:14:53,089 - regvin - INFO - Creating Pyomo Model (debug=True)
2020-08-31 21:14:57,630 - regvin - INFO - -----Solving Pyomo Model (debug=True)
2020-08-31 21:14:58,836 - regvin - INFO - Finished. Fixing debug flows...
2020-08-31 21:14:58,852 - regvin - INFO - All debug flows eliminated (iter=1, vol=0.00)
2020-08-31 21:14:58,901 - regvin - INFO - Creating Pyomo Model (debug=False)
2020-08-31 21:15:02,621 - regvin - INFO - -----Solving Pyomo Model (debug=False)
2020-08-31 21:15:03,496 - regvin - INFO - Optimal Solution Found (debug=False).
2020-08-31 21:15:06,742 - regvin - INFO - Creating Pyomo Model (debug=True)
2020-08-31 21:15:11,192 - regvin - INFO - -----Solving Pyomo Model (debug=True)
2020-08-31 21:15:12,606 - regvin - INFO - Finished. Fixing debug flows...
2020-08-31 21:15:12,637 - regvin - INFO - All debug flows eliminated (iter=1, vol=0.00)
2020-08-31 21:15:12,702 - regvin - INFO - Creating Pyomo Model (debug=False)
2020-08-31 21:15:17,088 - regvin - INFO - -----Solving Pyomo Model (debug=False)
2020-08-31 21:15:17,881 - regvin - INFO - Optimal Solution Found (debug=False).
2020-08-31 21:15:21,335 - regvin - INFO - Creating Pyomo Model (debug=True)
2020-08-31 21:15:26,074 - regvin - INFO - -----Solving Pyomo Model (debug=True)
2020-08-31 21:15:27,144 - regvin - INFO - Finished. Fixing debug flows...
2020-08-31 21:15:27,165 - regvin - INFO - All debug flows eliminated (iter=1, vol=0.00)
2020-08-31 21:15:27,347 - regvin - INFO - Creating Pyomo Model (debug=False)
2020-08-31 21:15:31,803 - regvin - INFO - -----Solving Pyomo Model (debug=False)
2020-08-31 21:15:32,655 - regvin - INFO - Optimal Solution Found (debug=False).
2020-08-31 21:15:35,887 - regvin - INFO - Creating Pyomo Model (debug=True)
2020-08-31 21:15:40,542 - regvin - INFO - -----Solving Pyomo Model (debug=True)
2020-08-31 21:15:41,598 - regvin - INFO - Finished. Fixing debug flows...
2020-08-31 21:15:41,617 - regvin - INFO - All debug flows eliminated (iter=1, vol=0.00)
2020-08-31 21:15:41,677 - regvin - INFO - Creating Pyomo Model (debug=False)
2020-08-31 21:15:45,466 - regvin - INFO - -----Solving Pyomo Model (debug=False)
2020-08-31 21:15:46,240 - regvin - INFO - Optimal Solution Found (debug=False).
2020-08-31 21:15:49,136 - regvin - INFO - Creating Pyomo Model (debug=True)
2020-08-31 21:15:53,351 - regvin - INFO - -----Solving Pyomo Model (debug=True)
2020-08-31 21:15:54,334 - regvin - INFO - Finished. Fixing debug flows...
2020-08-31 21:15:54,351 - regvin - INFO - All debug flows eliminated (iter=1, vol=0.00)
2020-08-31 21:15:54,400 - regvin - INFO - Creating Pyomo Model (debug=False)
2020-08-31 21:15:57,945 - regvin - INFO - -----Solving Pyomo Model (debug=False)
2020-08-31 21:15:58,728 - regvin - INFO - Optimal Solution Found (debug=False).
2020-08-31 21:16:01,788 - regvin - INFO - Creating Pyomo Model (debug=True)
2020-08-31 21:16:06,153 - regvin - INFO - -----Solving Pyomo Model (debug=True)
2020-08-31 21:16:07,508 - regvin - INFO - Finished. Fixing debug flows...
2020-08-31 21:16:07,525 - regvin - INFO - All debug flows eliminated (iter=1, vol=0.00)
2020-08-31 21:16:07,571 - regvin - INFO - Creating Pyomo Model (debug=False)
2020-08-31 21:16:11,174 - regvin - INFO - -----Solving Pyomo Model (debug=False)
2020-08-31 21:16:12,051 - regvin - INFO - Optimal Solution Found (debug=False).
2020-08-31 21:16:15,471 - regvin - INFO - Creating Pyomo Model (debug=True)
2020-08-31 21:16:20,347 - regvin - INFO - -----Solving Pyomo Model (debug=True)
2020-08-31 21:16:21,660 - regvin - INFO - Finished. Fixing debug flows...
2020-08-31 21:16:21,678 - regvin - INFO - All debug flows eliminated (iter=1, vol=0.00)
2020-08-31 21:16:21,727 - regvin - INFO - Creating Pyomo Model (debug=False)
2020-08-31 21:16:26,142 - regvin - INFO - -----Solving Pyomo Model (debug=False)
2020-08-31 21:16:27,048 - regvin - INFO - Optimal Solution Found (debug=False).
2020-08-31 21:16:30,662 - regvin - INFO - Creating Pyomo Model (debug=True)
2020-08-31 21:16:35,489 - regvin - INFO - -----Solving Pyomo Model (debug=True)
2020-08-31 21:16:37,027 - regvin - INFO - Finished. Fixing debug flows...
2020-08-31 21:16:37,049 - regvin - INFO - All debug flows eliminated (iter=1, vol=0.00)
2020-08-31 21:16:37,102 - regvin - INFO - Creating Pyomo Model (debug=False)
2020-08-31 21:16:41,150 - regvin - INFO - -----Solving Pyomo Model (debug=False)
2020-08-31 21:16:42,014 - regvin - INFO - Optimal Solution Found (debug=False).
2020-08-31 21:16:45,512 - regvin - INFO - Creating Pyomo Model (debug=True)
2020-08-31 21:16:50,020 - regvin - INFO - -----Solving Pyomo Model (debug=True)
2020-08-31 21:16:51,240 - regvin - INFO - Finished. Fixing debug flows...
2020-08-31 21:16:51,263 - regvin - INFO - All debug flows eliminated (iter=1, vol=0.00)
2020-08-31 21:16:51,343 - regvin - INFO - Creating Pyomo Model (debug=False)
2020-08-31 21:16:55,439 - regvin - INFO - -----Solving Pyomo Model (debug=False)
2020-08-31 21:16:56,175 - regvin - INFO - Optimal Solution Found (debug=False).
2020-08-31 21:16:59,552 - regvin - INFO - Creating Pyomo Model (debug=True)
2020-08-31 21:17:04,018 - regvin - INFO - -----Solving Pyomo Model (debug=True)
2020-08-31 21:17:05,054 - regvin - INFO - Finished. Fixing debug flows...
2020-08-31 21:17:05,071 - regvin - INFO - All debug flows eliminated (iter=1, vol=0.00)
2020-08-31 21:17:05,120 - regvin - INFO - Creating Pyomo Model (debug=False)
2020-08-31 21:17:08,879 - regvin - INFO - -----Solving Pyomo Model (debug=False)
2020-08-31 21:17:09,675 - regvin - INFO - Optimal Solution Found (debug=False).
2020-08-31 21:17:12,853 - regvin - INFO - Creating Pyomo Model (debug=True)
2020-08-31 21:17:16,988 - regvin - INFO - -----Solving Pyomo Model (debug=True)
2020-08-31 21:17:18,176 - regvin - INFO - Finished. Fixing debug flows...
2020-08-31 21:17:18,193 - regvin - INFO - All debug flows eliminated (iter=1, vol=0.00)
2020-08-31 21:17:18,243 - regvin - INFO - Creating Pyomo Model (debug=False)
2020-08-31 21:17:21,926 - regvin - INFO - -----Solving Pyomo Model (debug=False)
2020-08-31 21:17:22,870 - regvin - INFO - Optimal Solution Found (debug=False).
2020-08-31 21:17:26,203 - regvin - INFO - Creating Pyomo Model (debug=True)
2020-08-31 21:17:30,384 - regvin - INFO - -----Solving Pyomo Model (debug=True)
2020-08-31 21:17:31,545 - regvin - INFO - Finished. Fixing debug flows...
2020-08-31 21:17:31,565 - regvin - INFO - All debug flows eliminated (iter=1, vol=0.00)
2020-08-31 21:17:31,613 - regvin - INFO - Creating Pyomo Model (debug=False)
2020-08-31 21:17:35,782 - regvin - INFO - -----Solving Pyomo Model (debug=False)
2020-08-31 21:17:36,983 - regvin - INFO - Optimal Solution Found (debug=False).
2020-08-31 21:17:41,544 - regvin - INFO - Creating Pyomo Model (debug=True)
2020-08-31 21:17:46,681 - regvin - INFO - -----Solving Pyomo Model (debug=True)
2020-08-31 21:17:48,165 - regvin - INFO - Finished. Fixing debug flows...
2020-08-31 21:17:48,183 - regvin - INFO - All debug flows eliminated (iter=1, vol=0.00)
2020-08-31 21:17:48,244 - regvin - INFO - Creating Pyomo Model (debug=False)
2020-08-31 21:17:52,683 - regvin - INFO - -----Solving Pyomo Model (debug=False)
2020-08-31 21:17:53,557 - regvin - INFO - Optimal Solution Found (debug=False).
2020-08-31 21:17:57,242 - regvin - INFO - Creating Pyomo Model (debug=True)
2020-08-31 21:18:02,497 - regvin - INFO - -----Solving Pyomo Model (debug=True)
2020-08-31 21:18:03,682 - regvin - INFO - Finished. Fixing debug flows...
2020-08-31 21:18:03,701 - regvin - INFO - All debug flows eliminated (iter=1, vol=0.00)
2020-08-31 21:18:03,754 - regvin - INFO - Creating Pyomo Model (debug=False)
2020-08-31 21:18:08,392 - regvin - INFO - -----Solving Pyomo Model (debug=False)
2020-08-31 21:18:09,448 - regvin - INFO - Optimal Solution Found (debug=False).
2020-08-31 21:18:14,120 - regvin - INFO - Creating Pyomo Model (debug=True)
2020-08-31 21:18:19,980 - regvin - INFO - -----Solving Pyomo Model (debug=True)
2020-08-31 21:18:21,077 - regvin - INFO - Finished. Fixing debug flows...
2020-08-31 21:18:21,097 - regvin - INFO - All debug flows eliminated (iter=1, vol=0.00)
2020-08-31 21:18:21,150 - regvin - INFO - Creating Pyomo Model (debug=False)
2020-08-31 21:18:25,412 - regvin - INFO - -----Solving Pyomo Model (debug=False)
2020-08-31 21:18:26,180 - regvin - INFO - Optimal Solution Found (debug=False).
2020-08-31 21:18:29,335 - regvin - INFO - Creating Pyomo Model (debug=True)
2020-08-31 21:18:35,373 - regvin - INFO - -----Solving Pyomo Model (debug=True)
2020-08-31 21:18:37,654 - regvin - INFO - Finished. Fixing debug flows...
2020-08-31 21:18:37,682 - regvin - INFO - All debug flows eliminated (iter=1, vol=0.00)
2020-08-31 21:18:37,774 - regvin - INFO - Creating Pyomo Model (debug=False)
2020-08-31 21:18:41,859 - regvin - INFO - -----Solving Pyomo Model (debug=False)
2020-08-31 21:18:42,974 - regvin - INFO - Optimal Solution Found (debug=False).
2020-08-31 21:18:46,658 - regvin - INFO - Creating Pyomo Model (debug=True)
2020-08-31 21:18:51,582 - regvin - INFO - -----Solving Pyomo Model (debug=True)
2020-08-31 21:18:52,751 - regvin - INFO - Finished. Fixing debug flows...
2020-08-31 21:18:52,769 - regvin - INFO - All debug flows eliminated (iter=1, vol=0.00)
2020-08-31 21:18:52,819 - regvin - INFO - Creating Pyomo Model (debug=False)
2020-08-31 21:18:56,617 - regvin - INFO - -----Solving Pyomo Model (debug=False)
2020-08-31 21:18:57,381 - regvin - INFO - Optimal Solution Found (debug=False).
2020-08-31 21:19:00,856 - regvin - INFO - Creating Pyomo Model (debug=True)
2020-08-31 21:19:05,437 - regvin - INFO - -----Solving Pyomo Model (debug=True)
2020-08-31 21:19:06,622 - regvin - INFO - Finished. Fixing debug flows...
2020-08-31 21:19:06,640 - regvin - INFO - All debug flows eliminated (iter=1, vol=0.00)
2020-08-31 21:19:06,692 - regvin - INFO - Creating Pyomo Model (debug=False)
2020-08-31 21:19:10,452 - regvin - INFO - -----Solving Pyomo Model (debug=False)
2020-08-31 21:19:11,146 - regvin - INFO - Optimal Solution Found (debug=False).
2020-08-31 21:19:14,993 - regvin - INFO - Creating Pyomo Model (debug=True)
2020-08-31 21:19:19,618 - regvin - INFO - -----Solving Pyomo Model (debug=True)
2020-08-31 21:19:20,689 - regvin - INFO - Finished. Fixing debug flows...
2020-08-31 21:19:20,707 - regvin - INFO - All debug flows eliminated (iter=1, vol=0.00)
2020-08-31 21:19:20,764 - regvin - INFO - Creating Pyomo Model (debug=False)
2020-08-31 21:19:24,718 - regvin - INFO - -----Solving Pyomo Model (debug=False)
2020-08-31 21:19:25,634 - regvin - INFO - Optimal Solution Found (debug=False).
2020-08-31 21:19:28,702 - regvin - INFO - Creating Pyomo Model (debug=True)
2020-08-31 21:19:33,620 - regvin - INFO - -----Solving Pyomo Model (debug=True)
2020-08-31 21:19:34,753 - regvin - INFO - Finished. Fixing debug flows...
2020-08-31 21:19:34,772 - regvin - INFO - All debug flows eliminated (iter=1, vol=0.00)
2020-08-31 21:19:34,830 - regvin - INFO - Creating Pyomo Model (debug=False)
2020-08-31 21:19:39,042 - regvin - INFO - -----Solving Pyomo Model (debug=False)
2020-08-31 21:19:39,859 - regvin - INFO - Optimal Solution Found (debug=False).
2020-08-31 21:19:43,046 - regvin - INFO - Creating Pyomo Model (debug=True)
2020-08-31 21:19:47,659 - regvin - INFO - -----Solving Pyomo Model (debug=True)
2020-08-31 21:19:48,824 - regvin - INFO - Finished. Fixing debug flows...
2020-08-31 21:19:48,841 - regvin - INFO - All debug flows eliminated (iter=1, vol=0.00)
2020-08-31 21:19:48,912 - regvin - INFO - Creating Pyomo Model (debug=False)
2020-08-31 21:19:52,451 - regvin - INFO - -----Solving Pyomo Model (debug=False)
2020-08-31 21:19:53,368 - regvin - INFO - Optimal Solution Found (debug=False).
2020-08-31 21:19:56,662 - regvin - INFO - Creating Pyomo Model (debug=True)
2020-08-31 21:20:00,816 - regvin - INFO - -----Solving Pyomo Model (debug=True)
2020-08-31 21:20:01,935 - regvin - INFO - Finished. Fixing debug flows...
2020-08-31 21:20:01,952 - regvin - INFO - All debug flows eliminated (iter=1, vol=0.00)
2020-08-31 21:20:01,998 - regvin - INFO - Creating Pyomo Model (debug=False)
2020-08-31 21:20:06,582 - regvin - INFO - -----Solving Pyomo Model (debug=False)
2020-08-31 21:20:07,465 - regvin - INFO - Optimal Solution Found (debug=False).
2020-08-31 21:20:12,147 - regvin - INFO - Creating Pyomo Model (debug=True)
2020-08-31 21:20:17,863 - regvin - INFO - -----Solving Pyomo Model (debug=True)
2020-08-31 21:20:19,018 - regvin - INFO - Finished. Fixing debug flows...
2020-08-31 21:20:19,042 - regvin - INFO - All debug flows eliminated (iter=1, vol=0.00)
2020-08-31 21:20:19,101 - regvin - INFO - Creating Pyomo Model (debug=False)
2020-08-31 21:20:23,403 - regvin - INFO - -----Solving Pyomo Model (debug=False)
2020-08-31 21:20:24,203 - regvin - INFO - Optimal Solution Found (debug=False).
2020-08-31 21:20:27,475 - regvin - INFO - Creating Pyomo Model (debug=True)
2020-08-31 21:20:31,576 - regvin - INFO - -----Solving Pyomo Model (debug=True)
2020-08-31 21:20:32,565 - regvin - INFO - Finished. Fixing debug flows...
2020-08-31 21:20:32,582 - regvin - INFO - All debug flows eliminated (iter=1, vol=0.00)
2020-08-31 21:20:32,631 - regvin - INFO - Creating Pyomo Model (debug=False)
2020-08-31 21:20:36,205 - regvin - INFO - -----Solving Pyomo Model (debug=False)
2020-08-31 21:20:36,950 - regvin - INFO - Optimal Solution Found (debug=False).
2020-08-31 21:20:41,594 - regvin - INFO - Creating Pyomo Model (debug=True)
2020-08-31 21:20:46,421 - regvin - INFO - -----Solving Pyomo Model (debug=True)
2020-08-31 21:20:47,534 - regvin - INFO - Finished. Fixing debug flows...
2020-08-31 21:20:47,557 - regvin - INFO - All debug flows eliminated (iter=1, vol=0.00)
2020-08-31 21:20:47,645 - regvin - INFO - Creating Pyomo Model (debug=False)
2020-08-31 21:20:51,985 - regvin - INFO - -----Solving Pyomo Model (debug=False)
2020-08-31 21:20:52,882 - regvin - INFO - Optimal Solution Found (debug=False).
2020-08-31 21:20:56,905 - regvin - INFO - Creating Pyomo Model (debug=True)
2020-08-31 21:21:01,268 - regvin - INFO - -----Solving Pyomo Model (debug=True)
2020-08-31 21:21:02,428 - regvin - INFO - Finished. Fixing debug flows...
2020-08-31 21:21:02,446 - regvin - INFO - All debug flows eliminated (iter=1, vol=0.00)
2020-08-31 21:21:02,500 - regvin - INFO - Creating Pyomo Model (debug=False)
2020-08-31 21:21:06,037 - regvin - INFO - -----Solving Pyomo Model (debug=False)
2020-08-31 21:21:06,927 - regvin - INFO - Optimal Solution Found (debug=False).
2020-08-31 21:21:09,881 - regvin - INFO - Creating Pyomo Model (debug=True)
2020-08-31 21:21:13,940 - regvin - INFO - -----Solving Pyomo Model (debug=True)
2020-08-31 21:21:15,103 - regvin - INFO - Finished. Fixing debug flows...
2020-08-31 21:21:15,121 - regvin - INFO - All debug flows eliminated (iter=1, vol=0.00)
2020-08-31 21:21:15,174 - regvin - INFO - Creating Pyomo Model (debug=False)
2020-08-31 21:21:18,660 - regvin - INFO - -----Solving Pyomo Model (debug=False)
2020-08-31 21:21:19,358 - regvin - INFO - Optimal Solution Found (debug=False).
2020-08-31 21:21:22,467 - regvin - INFO - Creating Pyomo Model (debug=True)
2020-08-31 21:21:26,744 - regvin - INFO - -----Solving Pyomo Model (debug=True)
2020-08-31 21:21:27,815 - regvin - INFO - Finished. Fixing debug flows...
2020-08-31 21:21:27,833 - regvin - INFO - All debug flows eliminated (iter=1, vol=0.00)
2020-08-31 21:21:27,881 - regvin - INFO - Creating Pyomo Model (debug=False)
2020-08-31 21:21:31,295 - regvin - INFO - -----Solving Pyomo Model (debug=False)
2020-08-31 21:21:31,989 - regvin - INFO - Optimal Solution Found (debug=False).
2020-08-31 21:21:35,093 - regvin - INFO - Creating Pyomo Model (debug=True)
2020-08-31 21:21:39,363 - regvin - INFO - -----Solving Pyomo Model (debug=True)
2020-08-31 21:21:40,365 - regvin - INFO - Finished. Fixing debug flows...
2020-08-31 21:21:40,381 - regvin - INFO - All debug flows eliminated (iter=1, vol=0.00)
2020-08-31 21:21:40,432 - regvin - INFO - Creating Pyomo Model (debug=False)
2020-08-31 21:21:44,040 - regvin - INFO - -----Solving Pyomo Model (debug=False)
2020-08-31 21:21:44,871 - regvin - INFO - Optimal Solution Found (debug=False).
2020-08-31 21:21:48,060 - regvin - INFO - Creating Pyomo Model (debug=True)
2020-08-31 21:21:53,247 - regvin - INFO - -----Solving Pyomo Model (debug=True)
2020-08-31 21:21:54,507 - regvin - INFO - Finished. Fixing debug flows...
2020-08-31 21:21:54,527 - regvin - INFO - All debug flows eliminated (iter=1, vol=0.00)
2020-08-31 21:21:54,578 - regvin - INFO - Creating Pyomo Model (debug=False)
2020-08-31 21:21:58,368 - regvin - INFO - -----Solving Pyomo Model (debug=False)
2020-08-31 21:21:59,409 - regvin - INFO - Optimal Solution Found (debug=False).
2020-08-31 21:22:03,171 - regvin - INFO - Creating Pyomo Model (debug=True)
2020-08-31 21:22:07,938 - regvin - INFO - -----Solving Pyomo Model (debug=True)
2020-08-31 21:22:09,539 - regvin - INFO - Finished. Fixing debug flows...
2020-08-31 21:22:09,573 - regvin - INFO - All debug flows eliminated (iter=1, vol=0.00)
2020-08-31 21:22:09,656 - regvin - INFO - Creating Pyomo Model (debug=False)
2020-08-31 21:22:14,360 - regvin - INFO - -----Solving Pyomo Model (debug=False)
2020-08-31 21:22:15,420 - regvin - INFO - Optimal Solution Found (debug=False).
2020-08-31 21:22:19,239 - regvin - INFO - Creating Pyomo Model (debug=True)
2020-08-31 21:22:24,271 - regvin - INFO - -----Solving Pyomo Model (debug=True)
2020-08-31 21:22:25,765 - regvin - INFO - Finished. Fixing debug flows...
2020-08-31 21:22:25,783 - regvin - INFO - All debug flows eliminated (iter=1, vol=0.00)
2020-08-31 21:22:25,845 - regvin - INFO - Creating Pyomo Model (debug=False)
2020-08-31 21:22:30,244 - regvin - INFO - -----Solving Pyomo Model (debug=False)
2020-08-31 21:22:31,158 - regvin - INFO - Optimal Solution Found (debug=False).
2020-08-31 21:22:36,010 - regvin - INFO - Creating Pyomo Model (debug=True)
2020-08-31 21:22:42,340 - regvin - INFO - -----Solving Pyomo Model (debug=True)
2020-08-31 21:22:44,093 - regvin - INFO - Finished. Fixing debug flows...
2020-08-31 21:22:44,123 - regvin - INFO - All debug flows eliminated (iter=1, vol=0.00)
2020-08-31 21:22:44,195 - regvin - INFO - Creating Pyomo Model (debug=False)
2020-08-31 21:22:48,881 - regvin - INFO - -----Solving Pyomo Model (debug=False)
2020-08-31 21:22:49,661 - regvin - INFO - Optimal Solution Found (debug=False).
2020-08-31 21:22:53,550 - regvin - INFO - Creating Pyomo Model (debug=True)
2020-08-31 21:22:58,830 - regvin - INFO - -----Solving Pyomo Model (debug=True)
2020-08-31 21:23:00,772 - regvin - INFO - Finished. Fixing debug flows...
2020-08-31 21:23:00,802 - regvin - INFO - All debug flows eliminated (iter=1, vol=0.00)
2020-08-31 21:23:00,890 - regvin - INFO - Creating Pyomo Model (debug=False)
2020-08-31 21:23:05,281 - regvin - INFO - -----Solving Pyomo Model (debug=False)
2020-08-31 21:23:06,171 - regvin - INFO - Optimal Solution Found (debug=False).
2020-08-31 21:23:10,156 - regvin - INFO - Creating Pyomo Model (debug=True)
2020-08-31 21:23:15,377 - regvin - INFO - -----Solving Pyomo Model (debug=True)
2020-08-31 21:23:16,716 - regvin - INFO - Finished. Fixing debug flows...
2020-08-31 21:23:16,734 - regvin - INFO - All debug flows eliminated (iter=1, vol=0.00)
2020-08-31 21:23:16,784 - regvin - INFO - Creating Pyomo Model (debug=False)
2020-08-31 21:23:21,216 - regvin - INFO - -----Solving Pyomo Model (debug=False)
2020-08-31 21:23:22,012 - regvin - INFO - Optimal Solution Found (debug=False).
2020-08-31 21:23:25,736 - regvin - INFO - Creating Pyomo Model (debug=True)
2020-08-31 21:23:31,341 - regvin - INFO - -----Solving Pyomo Model (debug=True)
2020-08-31 21:23:32,945 - regvin - INFO - Finished. Fixing debug flows...
2020-08-31 21:23:32,972 - regvin - INFO - All debug flows eliminated (iter=1, vol=0.00)
2020-08-31 21:23:33,044 - regvin - INFO - Creating Pyomo Model (debug=False)
2020-08-31 21:23:37,360 - regvin - INFO - -----Solving Pyomo Model (debug=False)
2020-08-31 21:23:38,488 - regvin - INFO - Optimal Solution Found (debug=False).
2020-08-31 21:23:42,226 - regvin - INFO - Creating Pyomo Model (debug=True)
2020-08-31 21:23:47,133 - regvin - INFO - -----Solving Pyomo Model (debug=True)
2020-08-31 21:23:48,402 - regvin - INFO - Finished. Fixing debug flows...
2020-08-31 21:23:48,422 - regvin - INFO - All debug flows eliminated (iter=1, vol=0.00)
2020-08-31 21:23:48,474 - regvin - INFO - Creating Pyomo Model (debug=False)
2020-08-31 21:23:53,302 - regvin - INFO - -----Solving Pyomo Model (debug=False)
2020-08-31 21:23:54,207 - regvin - INFO - Optimal Solution Found (debug=False).
2020-08-31 21:23:58,693 - regvin - INFO - Creating Pyomo Model (debug=True)
2020-08-31 21:24:05,430 - regvin - INFO - -----Solving Pyomo Model (debug=True)
2020-08-31 21:24:06,588 - regvin - INFO - Finished. Fixing debug flows...
2020-08-31 21:24:06,610 - regvin - INFO - All debug flows eliminated (iter=1, vol=0.00)
2020-08-31 21:24:06,673 - regvin - INFO - Creating Pyomo Model (debug=False)
2020-08-31 21:24:10,565 - regvin - INFO - -----Solving Pyomo Model (debug=False)
2020-08-31 21:24:11,317 - regvin - INFO - Optimal Solution Found (debug=False).
2020-08-31 21:24:14,804 - regvin - INFO - Creating Pyomo Model (debug=True)
2020-08-31 21:24:19,490 - regvin - INFO - -----Solving Pyomo Model (debug=True)
2020-08-31 21:24:20,554 - regvin - INFO - Finished. Fixing debug flows...
2020-08-31 21:24:20,572 - regvin - INFO - All debug flows eliminated (iter=1, vol=0.00)
2020-08-31 21:24:20,624 - regvin - INFO - Creating Pyomo Model (debug=False)
2020-08-31 21:24:25,165 - regvin - INFO - -----Solving Pyomo Model (debug=False)
2020-08-31 21:24:26,009 - regvin - INFO - Optimal Solution Found (debug=False).
2020-08-31 21:24:28,975 - regvin - INFO - Creating Pyomo Model (debug=True)
2020-08-31 21:24:33,485 - regvin - INFO - -----Solving Pyomo Model (debug=True)
2020-08-31 21:24:34,509 - regvin - INFO - Finished. Fixing debug flows...
2020-08-31 21:24:34,525 - regvin - INFO - All debug flows eliminated (iter=1, vol=0.00)
2020-08-31 21:24:34,577 - regvin - INFO - Creating Pyomo Model (debug=False)
2020-08-31 21:24:38,329 - regvin - INFO - -----Solving Pyomo Model (debug=False)
2020-08-31 21:24:39,130 - regvin - INFO - Optimal Solution Found (debug=False).
2020-08-31 21:24:42,255 - regvin - INFO - Creating Pyomo Model (debug=True)
2020-08-31 21:24:46,557 - regvin - INFO - -----Solving Pyomo Model (debug=True)
2020-08-31 21:24:47,736 - regvin - INFO - Finished. Fixing debug flows...
2020-08-31 21:24:47,752 - regvin - INFO - All debug flows eliminated (iter=1, vol=0.00)
2020-08-31 21:24:47,801 - regvin - INFO - Creating Pyomo Model (debug=False)
2020-08-31 21:24:51,389 - regvin - INFO - -----Solving Pyomo Model (debug=False)
2020-08-31 21:24:52,311 - regvin - INFO - Optimal Solution Found (debug=False).
2020-08-31 21:24:55,274 - regvin - INFO - Creating Pyomo Model (debug=True)
2020-08-31 21:24:59,473 - regvin - INFO - -----Solving Pyomo Model (debug=True)
2020-08-31 21:25:00,715 - regvin - INFO - Finished. Fixing debug flows...
2020-08-31 21:25:00,733 - regvin - INFO - All debug flows eliminated (iter=1, vol=0.00)
2020-08-31 21:25:00,884 - regvin - INFO - Creating Pyomo Model (debug=False)
2020-08-31 21:25:04,544 - regvin - INFO - -----Solving Pyomo Model (debug=False)
2020-08-31 21:25:05,385 - regvin - INFO - Optimal Solution Found (debug=False).
2020-08-31 21:25:08,561 - regvin - INFO - Creating Pyomo Model (debug=True)
2020-08-31 21:25:12,716 - regvin - INFO - -----Solving Pyomo Model (debug=True)
2020-08-31 21:25:13,843 - regvin - INFO - Finished. Fixing debug flows...
2020-08-31 21:25:13,860 - regvin - INFO - All debug flows eliminated (iter=1, vol=0.00)
2020-08-31 21:25:13,939 - regvin - INFO - Creating Pyomo Model (debug=False)
2020-08-31 21:25:17,560 - regvin - INFO - -----Solving Pyomo Model (debug=False)
2020-08-31 21:25:18,338 - regvin - INFO - Optimal Solution Found (debug=False).
2020-08-31 21:25:21,404 - regvin - INFO - Creating Pyomo Model (debug=True)
2020-08-31 21:25:25,943 - regvin - INFO - -----Solving Pyomo Model (debug=True)
2020-08-31 21:25:26,955 - regvin - INFO - Finished. Fixing debug flows...
2020-08-31 21:25:26,973 - regvin - INFO - All debug flows eliminated (iter=1, vol=0.00)
2020-08-31 21:25:27,023 - regvin - INFO - Creating Pyomo Model (debug=False)
2020-08-31 21:25:31,593 - regvin - INFO - -----Solving Pyomo Model (debug=False)
2020-08-31 21:25:32,305 - regvin - INFO - Optimal Solution Found (debug=False).
2020-08-31 21:25:35,466 - regvin - INFO - Creating Pyomo Model (debug=True)
2020-08-31 21:25:39,922 - regvin - INFO - -----Solving Pyomo Model (debug=True)
2020-08-31 21:25:40,961 - regvin - INFO - Finished. Fixing debug flows...
2020-08-31 21:25:40,981 - regvin - INFO - All debug flows eliminated (iter=1, vol=0.00)
2020-08-31 21:25:41,036 - regvin - INFO - Creating Pyomo Model (debug=False)
2020-08-31 21:25:44,792 - regvin - INFO - -----Solving Pyomo Model (debug=False)
2020-08-31 21:25:45,581 - regvin - INFO - Optimal Solution Found (debug=False).
2020-08-31 21:25:48,523 - regvin - INFO - Creating Pyomo Model (debug=True)
2020-08-31 21:25:52,622 - regvin - INFO - -----Solving Pyomo Model (debug=True)
2020-08-31 21:25:53,807 - regvin - INFO - Finished. Fixing debug flows...
2020-08-31 21:25:53,824 - regvin - INFO - All debug flows eliminated (iter=1, vol=0.00)
2020-08-31 21:25:53,876 - regvin - INFO - Creating Pyomo Model (debug=False)
2020-08-31 21:25:57,448 - regvin - INFO - -----Solving Pyomo Model (debug=False)
2020-08-31 21:25:58,314 - regvin - INFO - Optimal Solution Found (debug=False).
2020-08-31 21:26:01,619 - regvin - INFO - Creating Pyomo Model (debug=True)
2020-08-31 21:26:05,824 - regvin - INFO - -----Solving Pyomo Model (debug=True)
2020-08-31 21:26:06,961 - regvin - INFO - Finished. Fixing debug flows...
2020-08-31 21:26:06,982 - regvin - INFO - All debug flows eliminated (iter=1, vol=0.00)
2020-08-31 21:26:07,031 - regvin - INFO - Creating Pyomo Model (debug=False)
2020-08-31 21:26:10,595 - regvin - INFO - -----Solving Pyomo Model (debug=False)
2020-08-31 21:26:11,344 - regvin - INFO - Optimal Solution Found (debug=False).
2020-08-31 21:26:14,761 - regvin - INFO - Creating Pyomo Model (debug=True)
2020-08-31 21:26:18,957 - regvin - INFO - -----Solving Pyomo Model (debug=True)
2020-08-31 21:26:20,074 - regvin - INFO - Finished. Fixing debug flows...
2020-08-31 21:26:20,091 - regvin - INFO - All debug flows eliminated (iter=1, vol=0.00)
2020-08-31 21:26:20,140 - regvin - INFO - Creating Pyomo Model (debug=False)
2020-08-31 21:26:23,811 - regvin - INFO - -----Solving Pyomo Model (debug=False)
2020-08-31 21:26:24,611 - regvin - INFO - Optimal Solution Found (debug=False).
2020-08-31 21:26:27,704 - regvin - INFO - Creating Pyomo Model (debug=True)
2020-08-31 21:26:31,989 - regvin - INFO - -----Solving Pyomo Model (debug=True)
2020-08-31 21:26:32,987 - regvin - INFO - Finished. Fixing debug flows...
2020-08-31 21:26:33,007 - regvin - INFO - All debug flows eliminated (iter=1, vol=0.00)
2020-08-31 21:26:33,067 - regvin - INFO - Creating Pyomo Model (debug=False)
2020-08-31 21:26:37,065 - regvin - INFO - -----Solving Pyomo Model (debug=False)
2020-08-31 21:26:38,287 - regvin - INFO - Optimal Solution Found (debug=False).
2020-08-31 21:26:41,647 - regvin - INFO - Creating Pyomo Model (debug=True)
2020-08-31 21:26:46,523 - regvin - INFO - -----Solving Pyomo Model (debug=True)
2020-08-31 21:26:47,513 - regvin - INFO - Finished. Fixing debug flows...
2020-08-31 21:26:47,532 - regvin - INFO - All debug flows eliminated (iter=1, vol=0.00)
2020-08-31 21:26:47,583 - regvin - INFO - Creating Pyomo Model (debug=False)
2020-08-31 21:26:51,233 - regvin - INFO - -----Solving Pyomo Model (debug=False)
2020-08-31 21:26:51,966 - regvin - INFO - Optimal Solution Found (debug=False).
2020-08-31 21:26:55,565 - regvin - INFO - Creating Pyomo Model (debug=True)
2020-08-31 21:26:59,577 - regvin - INFO - -----Solving Pyomo Model (debug=True)
2020-08-31 21:27:00,801 - regvin - INFO - Finished. Fixing debug flows...
2020-08-31 21:27:00,818 - regvin - INFO - All debug flows eliminated (iter=1, vol=0.00)
2020-08-31 21:27:00,866 - regvin - INFO - Creating Pyomo Model (debug=False)
2020-08-31 21:27:04,351 - regvin - INFO - -----Solving Pyomo Model (debug=False)
2020-08-31 21:27:05,293 - regvin - INFO - Optimal Solution Found (debug=False).
2020-08-31 21:27:08,339 - regvin - INFO - Creating Pyomo Model (debug=True)
2020-08-31 21:27:12,319 - regvin - INFO - -----Solving Pyomo Model (debug=True)
2020-08-31 21:27:13,427 - regvin - INFO - Finished. Fixing debug flows...
2020-08-31 21:27:13,443 - regvin - INFO - All debug flows eliminated (iter=1, vol=0.00)
2020-08-31 21:27:13,494 - regvin - INFO - Creating Pyomo Model (debug=False)
2020-08-31 21:27:16,935 - regvin - INFO - -----Solving Pyomo Model (debug=False)
2020-08-31 21:27:17,632 - regvin - INFO - Optimal Solution Found (debug=False).
2020-08-31 21:27:20,832 - regvin - INFO - Creating Pyomo Model (debug=True)
2020-08-31 21:27:24,862 - regvin - INFO - -----Solving Pyomo Model (debug=True)
2020-08-31 21:27:26,014 - regvin - INFO - Finished. Fixing debug flows...
2020-08-31 21:27:26,034 - regvin - INFO - All debug flows eliminated (iter=1, vol=0.00)
2020-08-31 21:27:26,092 - regvin - INFO - Creating Pyomo Model (debug=False)
2020-08-31 21:27:29,610 - regvin - INFO - -----Solving Pyomo Model (debug=False)
2020-08-31 21:27:30,324 - regvin - INFO - Optimal Solution Found (debug=False).
2020-08-31 21:27:33,331 - regvin - INFO - Creating Pyomo Model (debug=True)
2020-08-31 21:27:37,479 - regvin - INFO - -----Solving Pyomo Model (debug=True)
2020-08-31 21:27:38,479 - regvin - INFO - Finished. Fixing debug flows...
2020-08-31 21:27:38,495 - regvin - INFO - All debug flows eliminated (iter=1, vol=0.00)
2020-08-31 21:27:38,545 - regvin - INFO - Creating Pyomo Model (debug=False)
2020-08-31 21:27:42,065 - regvin - INFO - -----Solving Pyomo Model (debug=False)
2020-08-31 21:27:42,808 - regvin - INFO - Optimal Solution Found (debug=False).
2020-08-31 21:27:45,802 - regvin - INFO - Creating Pyomo Model (debug=True)
2020-08-31 21:27:50,057 - regvin - INFO - -----Solving Pyomo Model (debug=True)
2020-08-31 21:27:51,035 - regvin - INFO - Finished. Fixing debug flows...
2020-08-31 21:27:51,051 - regvin - INFO - All debug flows eliminated (iter=1, vol=0.00)
2020-08-31 21:27:51,099 - regvin - INFO - Creating Pyomo Model (debug=False)
2020-08-31 21:27:54,815 - regvin - INFO - -----Solving Pyomo Model (debug=False)
2020-08-31 21:27:55,547 - regvin - INFO - Optimal Solution Found (debug=False).
2020-08-31 21:27:58,668 - regvin - INFO - Creating Pyomo Model (debug=True)
2020-08-31 21:28:02,823 - regvin - INFO - -----Solving Pyomo Model (debug=True)
2020-08-31 21:28:03,993 - regvin - INFO - Finished. Fixing debug flows...
2020-08-31 21:28:04,013 - regvin - INFO - All debug flows eliminated (iter=1, vol=0.00)
2020-08-31 21:28:04,062 - regvin - INFO - Creating Pyomo Model (debug=False)
2020-08-31 21:28:07,616 - regvin - INFO - -----Solving Pyomo Model (debug=False)
2020-08-31 21:28:08,467 - regvin - INFO - Optimal Solution Found (debug=False).
2020-08-31 21:28:11,464 - regvin - INFO - Creating Pyomo Model (debug=True)
2020-08-31 21:28:15,949 - regvin - INFO - -----Solving Pyomo Model (debug=True)
2020-08-31 21:28:17,635 - regvin - INFO - Finished. Fixing debug flows...
2020-08-31 21:28:17,663 - regvin - INFO - All debug flows eliminated (iter=1, vol=0.00)
2020-08-31 21:28:17,732 - regvin - INFO - Creating Pyomo Model (debug=False)
2020-08-31 21:28:22,642 - regvin - INFO - -----Solving Pyomo Model (debug=False)
2020-08-31 21:28:23,742 - regvin - INFO - Optimal Solution Found (debug=False).
2020-08-31 21:28:27,175 - regvin - INFO - Creating Pyomo Model (debug=True)
2020-08-31 21:28:31,425 - regvin - INFO - -----Solving Pyomo Model (debug=True)
2020-08-31 21:28:32,586 - regvin - INFO - Finished. Fixing debug flows...
2020-08-31 21:28:32,606 - regvin - INFO - All debug flows eliminated (iter=1, vol=0.00)
2020-08-31 21:28:32,658 - regvin - INFO - Creating Pyomo Model (debug=False)
2020-08-31 21:28:36,234 - regvin - INFO - -----Solving Pyomo Model (debug=False)
2020-08-31 21:28:36,984 - regvin - INFO - Optimal Solution Found (debug=False).
2020-08-31 21:28:40,249 - regvin - INFO - Creating Pyomo Model (debug=True)
2020-08-31 21:28:44,854 - regvin - INFO - -----Solving Pyomo Model (debug=True)
2020-08-31 21:28:45,817 - regvin - INFO - Finished. Fixing debug flows...
2020-08-31 21:28:45,834 - regvin - INFO - All debug flows eliminated (iter=1, vol=0.00)
2020-08-31 21:28:45,885 - regvin - INFO - Creating Pyomo Model (debug=False)
2020-08-31 21:28:49,534 - regvin - INFO - -----Solving Pyomo Model (debug=False)
2020-08-31 21:28:50,268 - regvin - INFO - Optimal Solution Found (debug=False).
2020-08-31 21:28:53,251 - regvin - INFO - Creating Pyomo Model (debug=True)
2020-08-31 21:28:57,449 - regvin - INFO - -----Solving Pyomo Model (debug=True)
2020-08-31 21:28:58,424 - regvin - INFO - Finished. Fixing debug flows...
2020-08-31 21:28:58,441 - regvin - INFO - All debug flows eliminated (iter=1, vol=0.00)
2020-08-31 21:28:58,487 - regvin - INFO - Creating Pyomo Model (debug=False)
2020-08-31 21:29:02,198 - regvin - INFO - -----Solving Pyomo Model (debug=False)
2020-08-31 21:29:02,924 - regvin - INFO - Optimal Solution Found (debug=False).
2020-08-31 21:29:06,164 - regvin - INFO - Creating Pyomo Model (debug=True)
2020-08-31 21:29:10,140 - regvin - INFO - -----Solving Pyomo Model (debug=True)
2020-08-31 21:29:11,269 - regvin - INFO - Finished. Fixing debug flows...
2020-08-31 21:29:11,287 - regvin - INFO - All debug flows eliminated (iter=1, vol=0.00)
2020-08-31 21:29:11,337 - regvin - INFO - Creating Pyomo Model (debug=False)
2020-08-31 21:29:14,908 - regvin - INFO - -----Solving Pyomo Model (debug=False)
2020-08-31 21:29:15,809 - regvin - INFO - Optimal Solution Found (debug=False).
2020-08-31 21:29:18,835 - regvin - INFO - Creating Pyomo Model (debug=True)
2020-08-31 21:29:22,915 - regvin - INFO - -----Solving Pyomo Model (debug=True)
2020-08-31 21:29:24,080 - regvin - INFO - Finished. Fixing debug flows...
2020-08-31 21:29:24,097 - regvin - INFO - All debug flows eliminated (iter=1, vol=0.00)
2020-08-31 21:29:24,153 - regvin - INFO - Creating Pyomo Model (debug=False)
2020-08-31 21:29:27,601 - regvin - INFO - -----Solving Pyomo Model (debug=False)
2020-08-31 21:29:28,681 - regvin - INFO - Optimal Solution Found (debug=False).
2020-08-31 21:29:32,292 - regvin - INFO - Creating Pyomo Model (debug=True)
2020-08-31 21:29:37,179 - regvin - INFO - -----Solving Pyomo Model (debug=True)
2020-08-31 21:29:38,415 - regvin - INFO - Finished. Fixing debug flows...
2020-08-31 21:29:38,430 - regvin - INFO - Volume to reduce: 4.40e+01
2020-08-31 21:29:38,494 - regvin - INFO - D9.1991-01-31_D85.1991-01-31 LB reduced by 4.40e+01 (59.19%). Dual=4.00e+08
2020-08-31 21:29:38,497 - regvin - INFO - Volume to reduce: 3.09e+01
2020-08-31 21:29:38,564 - regvin - INFO - D9.1991-02-28_D85.1991-02-28 LB reduced by 3.09e+01 (54.06%). Dual=4.00e+08
2020-08-31 21:29:38,574 - regvin - INFO - -----Solving Pyomo Model (debug=True)
2020-08-31 21:29:39,643 - regvin - INFO - Finished. Fixing debug flows...
2020-08-31 21:29:39,666 - regvin - INFO - All debug flows eliminated (iter=2, vol=74.86)
2020-08-31 21:29:39,721 - regvin - INFO - Creating Pyomo Model (debug=False)
2020-08-31 21:29:43,357 - regvin - INFO - -----Solving Pyomo Model (debug=False)
2020-08-31 21:29:44,276 - regvin - INFO - Optimal Solution Found (debug=False).
2020-08-31 21:29:47,760 - regvin - INFO - Creating Pyomo Model (debug=True)
2020-08-31 21:29:52,547 - regvin - INFO - -----Solving Pyomo Model (debug=True)
2020-08-31 21:29:53,791 - regvin - INFO - Finished. Fixing debug flows...
2020-08-31 21:29:53,812 - regvin - INFO - All debug flows eliminated (iter=1, vol=0.00)
2020-08-31 21:29:53,871 - regvin - INFO - Creating Pyomo Model (debug=False)
2020-08-31 21:29:59,691 - regvin - INFO - -----Solving Pyomo Model (debug=False)
2020-08-31 21:30:00,678 - regvin - INFO - Optimal Solution Found (debug=False).
2020-08-31 21:30:04,071 - regvin - INFO - Creating Pyomo Model (debug=True)
2020-08-31 21:30:09,667 - regvin - INFO - -----Solving Pyomo Model (debug=True)
2020-08-31 21:30:11,033 - regvin - INFO - Finished. Fixing debug flows...
2020-08-31 21:30:11,052 - regvin - INFO - All debug flows eliminated (iter=1, vol=0.00)
2020-08-31 21:30:11,211 - regvin - INFO - Creating Pyomo Model (debug=False)
2020-08-31 21:30:15,532 - regvin - INFO - -----Solving Pyomo Model (debug=False)
2020-08-31 21:30:16,334 - regvin - INFO - Optimal Solution Found (debug=False).
2020-08-31 21:30:19,516 - regvin - INFO - Creating Pyomo Model (debug=True)
2020-08-31 21:30:24,474 - regvin - INFO - -----Solving Pyomo Model (debug=True)
2020-08-31 21:30:25,631 - regvin - INFO - Finished. Fixing debug flows...
2020-08-31 21:30:25,654 - regvin - INFO - All debug flows eliminated (iter=1, vol=0.00)
2020-08-31 21:30:25,716 - regvin - INFO - Creating Pyomo Model (debug=False)
2020-08-31 21:30:29,850 - regvin - INFO - -----Solving Pyomo Model (debug=False)
2020-08-31 21:30:30,677 - regvin - INFO - Optimal Solution Found (debug=False).
2020-08-31 21:30:34,088 - regvin - INFO - Creating Pyomo Model (debug=True)
2020-08-31 21:30:39,284 - regvin - INFO - -----Solving Pyomo Model (debug=True)
2020-08-31 21:30:40,612 - regvin - INFO - Finished. Fixing debug flows...
2020-08-31 21:30:40,632 - regvin - INFO - All debug flows eliminated (iter=1, vol=0.00)
2020-08-31 21:30:40,683 - regvin - INFO - Creating Pyomo Model (debug=False)
2020-08-31 21:30:46,163 - regvin - INFO - -----Solving Pyomo Model (debug=False)
2020-08-31 21:30:47,061 - regvin - INFO - Optimal Solution Found (debug=False).
2020-08-31 21:30:51,178 - regvin - INFO - Creating Pyomo Model (debug=True)
2020-08-31 21:30:57,429 - regvin - INFO - -----Solving Pyomo Model (debug=True)
2020-08-31 21:30:59,013 - regvin - INFO - Finished. Fixing debug flows...
2020-08-31 21:30:59,033 - regvin - INFO - All debug flows eliminated (iter=1, vol=0.00)
2020-08-31 21:30:59,101 - regvin - INFO - Creating Pyomo Model (debug=False)
2020-08-31 21:31:03,920 - regvin - INFO - -----Solving Pyomo Model (debug=False)
2020-08-31 21:31:04,947 - regvin - INFO - Optimal Solution Found (debug=False).
2020-08-31 21:31:08,765 - regvin - INFO - Creating Pyomo Model (debug=True)
2020-08-31 21:31:13,308 - regvin - INFO - -----Solving Pyomo Model (debug=True)
2020-08-31 21:31:14,536 - regvin - INFO - Finished. Fixing debug flows...
2020-08-31 21:31:14,555 - regvin - INFO - All debug flows eliminated (iter=1, vol=0.00)
2020-08-31 21:31:14,610 - regvin - INFO - Creating Pyomo Model (debug=False)
2020-08-31 21:31:18,801 - regvin - INFO - -----Solving Pyomo Model (debug=False)
2020-08-31 21:31:20,010 - regvin - INFO - Optimal Solution Found (debug=False).
2020-08-31 21:31:24,308 - regvin - INFO - Creating Pyomo Model (debug=True)
2020-08-31 21:31:30,160 - regvin - INFO - -----Solving Pyomo Model (debug=True)
2020-08-31 21:31:31,203 - regvin - INFO - Finished. Fixing debug flows...
2020-08-31 21:31:31,222 - regvin - INFO - All debug flows eliminated (iter=1, vol=0.00)
2020-08-31 21:31:31,375 - regvin - INFO - Creating Pyomo Model (debug=False)
2020-08-31 21:31:35,001 - regvin - INFO - -----Solving Pyomo Model (debug=False)
2020-08-31 21:31:35,724 - regvin - INFO - Optimal Solution Found (debug=False).
2020-08-31 21:31:38,882 - regvin - INFO - Creating Pyomo Model (debug=True)
2020-08-31 21:31:43,286 - regvin - INFO - -----Solving Pyomo Model (debug=True)
2020-08-31 21:31:44,310 - regvin - INFO - Finished. Fixing debug flows...
2020-08-31 21:31:44,327 - regvin - INFO - All debug flows eliminated (iter=1, vol=0.00)
2020-08-31 21:31:44,381 - regvin - INFO - Creating Pyomo Model (debug=False)
2020-08-31 21:31:48,146 - regvin - INFO - -----Solving Pyomo Model (debug=False)
2020-08-31 21:31:48,881 - regvin - INFO - Optimal Solution Found (debug=False).
2020-08-31 21:31:52,070 - regvin - INFO - Creating Pyomo Model (debug=True)
2020-08-31 21:31:56,513 - regvin - INFO - -----Solving Pyomo Model (debug=True)
2020-08-31 21:31:57,582 - regvin - INFO - Finished. Fixing debug flows...
2020-08-31 21:31:57,603 - regvin - INFO - All debug flows eliminated (iter=1, vol=0.00)
2020-08-31 21:31:57,680 - regvin - INFO - Creating Pyomo Model (debug=False)
2020-08-31 21:32:01,567 - regvin - INFO - -----Solving Pyomo Model (debug=False)
2020-08-31 21:32:02,296 - regvin - INFO - Optimal Solution Found (debug=False).
2020-08-31 21:32:05,640 - regvin - INFO - Creating Pyomo Model (debug=True)
2020-08-31 21:32:11,498 - regvin - INFO - -----Solving Pyomo Model (debug=True)
2020-08-31 21:32:12,922 - regvin - INFO - Finished. Fixing debug flows...
2020-08-31 21:32:12,946 - regvin - INFO - All debug flows eliminated (iter=1, vol=0.00)
2020-08-31 21:32:13,012 - regvin - INFO - Creating Pyomo Model (debug=False)
2020-08-31 21:32:16,622 - regvin - INFO - -----Solving Pyomo Model (debug=False)
2020-08-31 21:32:17,532 - regvin - INFO - Optimal Solution Found (debug=False).
2020-08-31 21:32:20,830 - regvin - INFO - Creating Pyomo Model (debug=True)
2020-08-31 21:32:25,398 - regvin - INFO - -----Solving Pyomo Model (debug=True)
2020-08-31 21:32:26,688 - regvin - INFO - Finished. Fixing debug flows...
2020-08-31 21:32:26,707 - regvin - INFO - All debug flows eliminated (iter=1, vol=0.00)
2020-08-31 21:32:26,761 - regvin - INFO - Creating Pyomo Model (debug=False)
2020-08-31 21:32:30,392 - regvin - INFO - -----Solving Pyomo Model (debug=False)
2020-08-31 21:32:31,159 - regvin - INFO - Optimal Solution Found (debug=False).
2020-08-31 21:32:34,403 - regvin - INFO - Creating Pyomo Model (debug=True)
2020-08-31 21:32:38,547 - regvin - INFO - -----Solving Pyomo Model (debug=True)
2020-08-31 21:32:39,537 - regvin - INFO - Finished. Fixing debug flows...
2020-08-31 21:32:39,553 - regvin - INFO - All debug flows eliminated (iter=1, vol=0.00)
2020-08-31 21:32:39,698 - regvin - INFO - Creating Pyomo Model (debug=False)
2020-08-31 21:32:43,139 - regvin - INFO - -----Solving Pyomo Model (debug=False)
2020-08-31 21:32:43,935 - regvin - INFO - Optimal Solution Found (debug=False).
2020-08-31 21:47:19,089 - regvin - INFO - Creating Pyomo Model (debug=True)
2020-08-31 21:47:23,540 - regvin - INFO - -----Solving Pyomo Model (debug=True)
2020-08-31 21:47:24,779 - regvin - INFO - Finished. Fixing debug flows...
2020-08-31 21:47:24,800 - regvin - INFO - All debug flows eliminated (iter=1, vol=0.00)
2020-08-31 21:47:24,863 - regvin - INFO - Creating Pyomo Model (debug=False)
2020-08-31 21:47:28,422 - regvin - INFO - -----Solving Pyomo Model (debug=False)
2020-08-31 21:47:29,152 - regvin - INFO - Optimal Solution Found (debug=False).
2020-08-31 21:47:32,572 - regvin - INFO - Creating Pyomo Model (debug=True)
2020-08-31 21:47:38,046 - regvin - INFO - -----Solving Pyomo Model (debug=True)
2020-08-31 21:47:40,932 - regvin - INFO - Finished. Fixing debug flows...
2020-08-31 21:47:40,949 - regvin - INFO - All debug flows eliminated (iter=1, vol=0.00)
2020-08-31 21:47:41,018 - regvin - INFO - Creating Pyomo Model (debug=False)
2020-08-31 21:47:46,879 - regvin - INFO - -----Solving Pyomo Model (debug=False)
2020-08-31 21:47:47,696 - regvin - INFO - Optimal Solution Found (debug=False).
2020-08-31 21:47:50,911 - regvin - INFO - Creating Pyomo Model (debug=True)
2020-08-31 21:47:57,110 - regvin - INFO - -----Solving Pyomo Model (debug=True)
2020-08-31 21:47:58,101 - regvin - INFO - Finished. Fixing debug flows...
2020-08-31 21:47:58,117 - regvin - INFO - All debug flows eliminated (iter=1, vol=0.00)
2020-08-31 21:47:58,162 - regvin - INFO - Creating Pyomo Model (debug=False)
2020-08-31 21:48:02,203 - regvin - INFO - -----Solving Pyomo Model (debug=False)
2020-08-31 21:48:03,469 - regvin - INFO - Optimal Solution Found (debug=False).
2020-08-31 21:48:06,917 - regvin - INFO - Creating Pyomo Model (debug=True)
2020-08-31 21:48:11,605 - regvin - INFO - -----Solving Pyomo Model (debug=True)
2020-08-31 21:48:12,827 - regvin - INFO - Finished. Fixing debug flows...
2020-08-31 21:48:12,847 - regvin - INFO - All debug flows eliminated (iter=1, vol=0.00)
2020-08-31 21:48:12,900 - regvin - INFO - Creating Pyomo Model (debug=False)
2020-08-31 21:48:16,772 - regvin - INFO - -----Solving Pyomo Model (debug=False)
2020-08-31 21:48:17,708 - regvin - INFO - Optimal Solution Found (debug=False).
2020-08-31 21:48:20,941 - regvin - INFO - Creating Pyomo Model (debug=True)
2020-08-31 21:48:25,291 - regvin - INFO - -----Solving Pyomo Model (debug=True)
2020-08-31 21:48:26,469 - regvin - INFO - Finished. Fixing debug flows...
2020-08-31 21:48:26,488 - regvin - INFO - All debug flows eliminated (iter=1, vol=0.00)
2020-08-31 21:48:26,541 - regvin - INFO - Creating Pyomo Model (debug=False)
2020-08-31 21:48:30,308 - regvin - INFO - -----Solving Pyomo Model (debug=False)
2020-08-31 21:48:31,146 - regvin - INFO - Optimal Solution Found (debug=False).
2020-08-31 21:48:34,136 - regvin - INFO - Creating Pyomo Model (debug=True)
2020-08-31 21:48:38,581 - regvin - INFO - -----Solving Pyomo Model (debug=True)
2020-08-31 21:48:39,592 - regvin - INFO - Finished. Fixing debug flows...
2020-08-31 21:48:39,609 - regvin - INFO - All debug flows eliminated (iter=1, vol=0.00)
2020-08-31 21:48:39,674 - regvin - INFO - Creating Pyomo Model (debug=False)
2020-08-31 21:48:43,655 - regvin - INFO - -----Solving Pyomo Model (debug=False)
2020-08-31 21:48:44,388 - regvin - INFO - Optimal Solution Found (debug=False).
2020-08-31 21:48:47,056 - regvin - INFO - Creating Pyomo Model (debug=True)
2020-08-31 21:48:51,369 - regvin - INFO - -----Solving Pyomo Model (debug=True)
2020-08-31 21:48:52,371 - regvin - INFO - Finished. Fixing debug flows...
2020-08-31 21:48:52,393 - regvin - INFO - All debug flows eliminated (iter=1, vol=0.00)
2020-08-31 21:48:52,461 - regvin - INFO - Creating Pyomo Model (debug=False)
2020-08-31 21:48:56,245 - regvin - INFO - -----Solving Pyomo Model (debug=False)
2020-08-31 21:48:56,996 - regvin - INFO - Optimal Solution Found (debug=False).
2020-08-31 21:48:59,770 - regvin - INFO - Creating Pyomo Model (debug=True)
2020-08-31 21:49:04,259 - regvin - INFO - -----Solving Pyomo Model (debug=True)
2020-08-31 21:49:05,284 - regvin - INFO - Finished. Fixing debug flows...
2020-08-31 21:49:05,302 - regvin - INFO - All debug flows eliminated (iter=1, vol=0.00)
2020-08-31 21:49:05,406 - regvin - INFO - Creating Pyomo Model (debug=False)
2020-08-31 21:49:09,291 - regvin - INFO - -----Solving Pyomo Model (debug=False)
2020-08-31 21:49:10,634 - regvin - INFO - Optimal Solution Found (debug=False).
2020-08-31 21:49:14,973 - regvin - INFO - Creating Pyomo Model (debug=True)
2020-08-31 21:49:19,382 - regvin - INFO - -----Solving Pyomo Model (debug=True)
2020-08-31 21:49:20,498 - regvin - INFO - Finished. Fixing debug flows...
2020-08-31 21:49:20,515 - regvin - INFO - All debug flows eliminated (iter=1, vol=0.00)
2020-08-31 21:49:20,567 - regvin - INFO - Creating Pyomo Model (debug=False)
2020-08-31 21:49:24,051 - regvin - INFO - -----Solving Pyomo Model (debug=False)
2020-08-31 21:49:24,969 - regvin - INFO - Optimal Solution Found (debug=False).
2020-08-31 21:49:27,959 - regvin - INFO - Creating Pyomo Model (debug=True)
2020-08-31 21:49:32,494 - regvin - INFO - -----Solving Pyomo Model (debug=True)
2020-08-31 21:49:33,802 - regvin - INFO - Finished. Fixing debug flows...
2020-08-31 21:49:33,819 - regvin - INFO - All debug flows eliminated (iter=1, vol=0.00)
2020-08-31 21:49:33,869 - regvin - INFO - Creating Pyomo Model (debug=False)
2020-08-31 21:49:37,974 - regvin - INFO - -----Solving Pyomo Model (debug=False)
2020-08-31 21:49:38,781 - regvin - INFO - Optimal Solution Found (debug=False).
2020-08-31 21:49:41,549 - regvin - INFO - Creating Pyomo Model (debug=True)
2020-08-31 21:49:46,117 - regvin - INFO - -----Solving Pyomo Model (debug=True)
2020-08-31 21:49:47,096 - regvin - INFO - Finished. Fixing debug flows...
2020-08-31 21:49:47,116 - regvin - INFO - All debug flows eliminated (iter=1, vol=0.00)
2020-08-31 21:49:47,168 - regvin - INFO - Creating Pyomo Model (debug=False)
2020-08-31 21:49:50,731 - regvin - INFO - -----Solving Pyomo Model (debug=False)
2020-08-31 21:49:51,659 - regvin - INFO - Optimal Solution Found (debug=False).
2020-08-31 21:49:54,616 - regvin - INFO - Creating Pyomo Model (debug=True)
2020-08-31 21:49:58,793 - regvin - INFO - -----Solving Pyomo Model (debug=True)
2020-08-31 21:49:59,758 - regvin - INFO - Finished. Fixing debug flows...
2020-08-31 21:49:59,776 - regvin - INFO - All debug flows eliminated (iter=1, vol=0.00)
2020-08-31 21:49:59,825 - regvin - INFO - Creating Pyomo Model (debug=False)
2020-08-31 21:50:03,842 - regvin - INFO - -----Solving Pyomo Model (debug=False)
2020-08-31 21:50:04,619 - regvin - INFO - Optimal Solution Found (debug=False).
2020-08-31 21:50:07,520 - regvin - INFO - Creating Pyomo Model (debug=True)
2020-08-31 21:50:11,896 - regvin - INFO - -----Solving Pyomo Model (debug=True)
2020-08-31 21:50:13,115 - regvin - INFO - Finished. Fixing debug flows...
2020-08-31 21:50:13,143 - regvin - INFO - All debug flows eliminated (iter=1, vol=0.00)
2020-08-31 21:50:13,205 - regvin - INFO - Creating Pyomo Model (debug=False)
2020-08-31 21:50:17,459 - regvin - INFO - -----Solving Pyomo Model (debug=False)
2020-08-31 21:50:18,307 - regvin - INFO - Optimal Solution Found (debug=False).
2020-08-31 21:50:21,315 - regvin - INFO - Creating Pyomo Model (debug=True)
2020-08-31 21:50:25,307 - regvin - INFO - -----Solving Pyomo Model (debug=True)
2020-08-31 21:50:26,406 - regvin - INFO - Finished. Fixing debug flows...
2020-08-31 21:50:26,425 - regvin - INFO - All debug flows eliminated (iter=1, vol=0.00)
2020-08-31 21:50:26,472 - regvin - INFO - Creating Pyomo Model (debug=False)
2020-08-31 21:50:29,970 - regvin - INFO - -----Solving Pyomo Model (debug=False)
2020-08-31 21:50:30,863 - regvin - INFO - Optimal Solution Found (debug=False).
2020-08-31 21:50:33,611 - regvin - INFO - Creating Pyomo Model (debug=True)
2020-08-31 21:50:38,631 - regvin - INFO - -----Solving Pyomo Model (debug=True)
2020-08-31 21:50:41,027 - regvin - INFO - Finished. Fixing debug flows...
2020-08-31 21:50:41,059 - regvin - INFO - All debug flows eliminated (iter=1, vol=0.00)
2020-08-31 21:50:41,142 - regvin - INFO - Creating Pyomo Model (debug=False)
2020-08-31 21:50:46,308 - regvin - INFO - -----Solving Pyomo Model (debug=False)
2020-08-31 21:50:47,387 - regvin - INFO - Optimal Solution Found (debug=False).
2020-08-31 21:50:50,907 - regvin - INFO - Creating Pyomo Model (debug=True)
2020-08-31 21:50:56,932 - regvin - INFO - -----Solving Pyomo Model (debug=True)
2020-08-31 21:50:58,048 - regvin - INFO - Finished. Fixing debug flows...
2020-08-31 21:50:58,064 - regvin - INFO - All debug flows eliminated (iter=1, vol=0.00)
2020-08-31 21:50:58,112 - regvin - INFO - Creating Pyomo Model (debug=False)
2020-08-31 21:51:02,246 - regvin - INFO - -----Solving Pyomo Model (debug=False)
2020-08-31 21:51:02,978 - regvin - INFO - Optimal Solution Found (debug=False).
2020-08-31 21:51:06,226 - regvin - INFO - Creating Pyomo Model (debug=True)
2020-08-31 21:51:11,515 - regvin - INFO - -----Solving Pyomo Model (debug=True)
2020-08-31 21:51:13,041 - regvin - INFO - Finished. Fixing debug flows...
2020-08-31 21:51:13,064 - regvin - INFO - All debug flows eliminated (iter=1, vol=0.00)
2020-08-31 21:51:13,123 - regvin - INFO - Creating Pyomo Model (debug=False)
2020-08-31 21:51:17,954 - regvin - INFO - -----Solving Pyomo Model (debug=False)
2020-08-31 21:51:18,820 - regvin - INFO - Optimal Solution Found (debug=False).
2020-08-31 21:51:22,356 - regvin - INFO - Creating Pyomo Model (debug=True)
2020-08-31 21:51:27,187 - regvin - INFO - -----Solving Pyomo Model (debug=True)
2020-08-31 21:51:28,188 - regvin - INFO - Finished. Fixing debug flows...
2020-08-31 21:51:28,213 - regvin - INFO - All debug flows eliminated (iter=1, vol=0.00)
2020-08-31 21:51:28,262 - regvin - INFO - Creating Pyomo Model (debug=False)
2020-08-31 21:51:32,254 - regvin - INFO - -----Solving Pyomo Model (debug=False)
2020-08-31 21:51:33,661 - regvin - INFO - Optimal Solution Found (debug=False).
2020-08-31 21:51:37,015 - regvin - INFO - Creating Pyomo Model (debug=True)
2020-08-31 21:51:41,410 - regvin - INFO - -----Solving Pyomo Model (debug=True)
2020-08-31 21:51:42,766 - regvin - INFO - Finished. Fixing debug flows...
2020-08-31 21:51:42,783 - regvin - INFO - All debug flows eliminated (iter=1, vol=0.00)
2020-08-31 21:51:42,830 - regvin - INFO - Creating Pyomo Model (debug=False)
2020-08-31 21:51:47,381 - regvin - INFO - -----Solving Pyomo Model (debug=False)
2020-08-31 21:51:48,371 - regvin - INFO - Optimal Solution Found (debug=False).
2020-08-31 21:51:51,469 - regvin - INFO - Creating Pyomo Model (debug=True)
2020-08-31 21:51:55,973 - regvin - INFO - -----Solving Pyomo Model (debug=True)
2020-08-31 21:51:57,104 - regvin - INFO - Finished. Fixing debug flows...
2020-08-31 21:51:57,124 - regvin - INFO - All debug flows eliminated (iter=1, vol=0.00)
2020-08-31 21:51:57,201 - regvin - INFO - Creating Pyomo Model (debug=False)
2020-08-31 21:52:00,857 - regvin - INFO - -----Solving Pyomo Model (debug=False)
2020-08-31 21:52:01,676 - regvin - INFO - Optimal Solution Found (debug=False).
2020-08-31 21:52:04,514 - regvin - INFO - Creating Pyomo Model (debug=True)
2020-08-31 21:52:08,791 - regvin - INFO - -----Solving Pyomo Model (debug=True)
2020-08-31 21:52:09,799 - regvin - INFO - Finished. Fixing debug flows...
2020-08-31 21:52:09,815 - regvin - INFO - All debug flows eliminated (iter=1, vol=0.00)
2020-08-31 21:52:09,867 - regvin - INFO - Creating Pyomo Model (debug=False)
2020-08-31 21:52:13,532 - regvin - INFO - -----Solving Pyomo Model (debug=False)
2020-08-31 21:52:14,263 - regvin - INFO - Optimal Solution Found (debug=False).
2020-08-31 21:52:17,077 - regvin - INFO - Creating Pyomo Model (debug=True)
2020-08-31 21:52:21,239 - regvin - INFO - -----Solving Pyomo Model (debug=True)
2020-08-31 21:52:22,231 - regvin - INFO - Finished. Fixing debug flows...
2020-08-31 21:52:22,249 - regvin - INFO - All debug flows eliminated (iter=1, vol=0.00)
2020-08-31 21:52:22,296 - regvin - INFO - Creating Pyomo Model (debug=False)
2020-08-31 21:52:25,899 - regvin - INFO - -----Solving Pyomo Model (debug=False)
2020-08-31 21:52:26,637 - regvin - INFO - Optimal Solution Found (debug=False).
2020-08-31 21:52:29,492 - regvin - INFO - Creating Pyomo Model (debug=True)
2020-08-31 21:52:33,693 - regvin - INFO - -----Solving Pyomo Model (debug=True)
2020-08-31 21:52:34,685 - regvin - INFO - Finished. Fixing debug flows...
2020-08-31 21:52:34,703 - regvin - INFO - All debug flows eliminated (iter=1, vol=0.00)
2020-08-31 21:52:34,753 - regvin - INFO - Creating Pyomo Model (debug=False)
2020-08-31 21:52:38,426 - regvin - INFO - -----Solving Pyomo Model (debug=False)
2020-08-31 21:52:39,208 - regvin - INFO - Optimal Solution Found (debug=False).
2020-08-31 21:52:42,539 - regvin - INFO - Creating Pyomo Model (debug=True)
2020-08-31 21:52:46,847 - regvin - INFO - -----Solving Pyomo Model (debug=True)
2020-08-31 21:52:48,052 - regvin - INFO - Finished. Fixing debug flows...
2020-08-31 21:52:48,070 - regvin - INFO - All debug flows eliminated (iter=1, vol=0.00)
2020-08-31 21:52:48,119 - regvin - INFO - Creating Pyomo Model (debug=False)
2020-08-31 21:52:51,660 - regvin - INFO - -----Solving Pyomo Model (debug=False)
2020-08-31 21:52:52,507 - regvin - INFO - Optimal Solution Found (debug=False).
2020-08-31 21:52:55,419 - regvin - INFO - Creating Pyomo Model (debug=True)
2020-08-31 21:52:59,427 - regvin - INFO - -----Solving Pyomo Model (debug=True)
2020-08-31 21:53:00,682 - regvin - INFO - Finished. Fixing debug flows...
2020-08-31 21:53:00,702 - regvin - INFO - All debug flows eliminated (iter=1, vol=0.00)
2020-08-31 21:53:00,756 - regvin - INFO - Creating Pyomo Model (debug=False)
2020-08-31 21:53:04,255 - regvin - INFO - -----Solving Pyomo Model (debug=False)
2020-08-31 21:53:04,961 - regvin - INFO - Optimal Solution Found (debug=False).
2020-08-31 21:53:08,156 - regvin - INFO - Creating Pyomo Model (debug=True)
2020-08-31 21:53:12,383 - regvin - INFO - -----Solving Pyomo Model (debug=True)
2020-08-31 21:53:13,646 - regvin - INFO - Finished. Fixing debug flows...
2020-08-31 21:53:13,674 - regvin - INFO - All debug flows eliminated (iter=1, vol=0.00)
2020-08-31 21:53:13,793 - regvin - INFO - Creating Pyomo Model (debug=False)
2020-08-31 21:53:18,843 - regvin - INFO - -----Solving Pyomo Model (debug=False)
2020-08-31 21:53:19,951 - regvin - INFO - Optimal Solution Found (debug=False).
2020-08-31 21:53:24,406 - regvin - INFO - Creating Pyomo Model (debug=True)
2020-08-31 21:53:31,317 - regvin - INFO - -----Solving Pyomo Model (debug=True)
2020-08-31 21:53:32,331 - regvin - INFO - Finished. Fixing debug flows...
2020-08-31 21:53:32,351 - regvin - INFO - All debug flows eliminated (iter=1, vol=0.00)
2020-08-31 21:53:32,406 - regvin - INFO - Creating Pyomo Model (debug=False)
2020-08-31 21:53:36,076 - regvin - INFO - -----Solving Pyomo Model (debug=False)
2020-08-31 21:53:36,775 - regvin - INFO - Optimal Solution Found (debug=False).
2020-08-31 21:53:39,745 - regvin - INFO - Creating Pyomo Model (debug=True)
2020-08-31 21:53:44,077 - regvin - INFO - -----Solving Pyomo Model (debug=True)
2020-08-31 21:53:45,055 - regvin - INFO - Finished. Fixing debug flows...
2020-08-31 21:53:45,079 - regvin - INFO - All debug flows eliminated (iter=1, vol=0.00)
2020-08-31 21:53:45,128 - regvin - INFO - Creating Pyomo Model (debug=False)
2020-08-31 21:53:49,199 - regvin - INFO - -----Solving Pyomo Model (debug=False)
2020-08-31 21:53:50,278 - regvin - INFO - Optimal Solution Found (debug=False).
2020-08-31 21:53:54,303 - regvin - INFO - Creating Pyomo Model (debug=True)
2020-08-31 21:54:00,758 - regvin - INFO - -----Solving Pyomo Model (debug=True)
2020-08-31 21:54:02,507 - regvin - INFO - Finished. Fixing debug flows...
2020-08-31 21:54:02,528 - regvin - INFO - All debug flows eliminated (iter=1, vol=0.00)
2020-08-31 21:54:02,599 - regvin - INFO - Creating Pyomo Model (debug=False)
2020-08-31 21:54:07,043 - regvin - INFO - -----Solving Pyomo Model (debug=False)
2020-08-31 21:54:08,078 - regvin - INFO - Optimal Solution Found (debug=False).
2020-08-31 21:54:11,503 - regvin - INFO - Creating Pyomo Model (debug=True)
2020-08-31 21:54:16,944 - regvin - INFO - -----Solving Pyomo Model (debug=True)
2020-08-31 21:54:18,176 - regvin - INFO - Finished. Fixing debug flows...
2020-08-31 21:54:18,195 - regvin - INFO - All debug flows eliminated (iter=1, vol=0.00)
2020-08-31 21:54:18,248 - regvin - INFO - Creating Pyomo Model (debug=False)
2020-08-31 21:54:21,958 - regvin - INFO - -----Solving Pyomo Model (debug=False)
2020-08-31 21:54:22,824 - regvin - INFO - Optimal Solution Found (debug=False).
2020-08-31 21:54:26,021 - regvin - INFO - Creating Pyomo Model (debug=True)
2020-08-31 21:54:30,687 - regvin - INFO - -----Solving Pyomo Model (debug=True)
2020-08-31 21:54:31,742 - regvin - INFO - Finished. Fixing debug flows...
2020-08-31 21:54:31,759 - regvin - INFO - All debug flows eliminated (iter=1, vol=0.00)
2020-08-31 21:54:31,804 - regvin - INFO - Creating Pyomo Model (debug=False)
2020-08-31 21:54:35,778 - regvin - INFO - -----Solving Pyomo Model (debug=False)
2020-08-31 21:54:36,750 - regvin - INFO - Optimal Solution Found (debug=False).
2020-08-31 21:54:40,006 - regvin - INFO - Creating Pyomo Model (debug=True)
2020-08-31 21:54:45,790 - regvin - INFO - -----Solving Pyomo Model (debug=True)
2020-08-31 21:54:46,868 - regvin - INFO - Finished. Fixing debug flows...
2020-08-31 21:54:46,886 - regvin - INFO - All debug flows eliminated (iter=1, vol=0.00)
2020-08-31 21:54:46,958 - regvin - INFO - Creating Pyomo Model (debug=False)
2020-08-31 21:54:51,144 - regvin - INFO - -----Solving Pyomo Model (debug=False)
2020-08-31 21:54:51,901 - regvin - INFO - Optimal Solution Found (debug=False).
2020-08-31 21:54:55,079 - regvin - INFO - Creating Pyomo Model (debug=True)
2020-08-31 21:54:59,909 - regvin - INFO - -----Solving Pyomo Model (debug=True)
2020-08-31 21:55:01,237 - regvin - INFO - Finished. Fixing debug flows...
2020-08-31 21:55:01,254 - regvin - INFO - All debug flows eliminated (iter=1, vol=0.00)
2020-08-31 21:55:01,310 - regvin - INFO - Creating Pyomo Model (debug=False)
2020-08-31 21:55:05,656 - regvin - INFO - -----Solving Pyomo Model (debug=False)
2020-08-31 21:55:06,447 - regvin - INFO - Optimal Solution Found (debug=False).
2020-08-31 21:55:09,702 - regvin - INFO - Creating Pyomo Model (debug=True)
2020-08-31 21:55:15,026 - regvin - INFO - -----Solving Pyomo Model (debug=True)
2020-08-31 21:55:16,186 - regvin - INFO - Finished. Fixing debug flows...
2020-08-31 21:55:16,203 - regvin - INFO - All debug flows eliminated (iter=1, vol=0.00)
2020-08-31 21:55:16,255 - regvin - INFO - Creating Pyomo Model (debug=False)
2020-08-31 21:55:20,097 - regvin - INFO - -----Solving Pyomo Model (debug=False)
2020-08-31 21:55:21,044 - regvin - INFO - Optimal Solution Found (debug=False).
2020-08-31 21:55:24,720 - regvin - INFO - Creating Pyomo Model (debug=True)
2020-08-31 21:55:29,983 - regvin - INFO - -----Solving Pyomo Model (debug=True)
2020-08-31 21:55:31,154 - regvin - INFO - Finished. Fixing debug flows...
2020-08-31 21:55:31,171 - regvin - INFO - All debug flows eliminated (iter=1, vol=0.00)
2020-08-31 21:55:31,219 - regvin - INFO - Creating Pyomo Model (debug=False)
2020-08-31 21:55:34,959 - regvin - INFO - -----Solving Pyomo Model (debug=False)
2020-08-31 21:55:35,669 - regvin - INFO - Optimal Solution Found (debug=False).
2020-08-31 21:55:39,073 - regvin - INFO - Creating Pyomo Model (debug=True)
2020-08-31 21:55:43,535 - regvin - INFO - -----Solving Pyomo Model (debug=True)
2020-08-31 21:55:44,591 - regvin - INFO - Finished. Fixing debug flows...
2020-08-31 21:55:44,608 - regvin - INFO - All debug flows eliminated (iter=1, vol=0.00)
2020-08-31 21:55:44,657 - regvin - INFO - Creating Pyomo Model (debug=False)
2020-08-31 21:55:48,324 - regvin - INFO - -----Solving Pyomo Model (debug=False)
2020-08-31 21:55:49,047 - regvin - INFO - Optimal Solution Found (debug=False).
2020-08-31 21:55:52,220 - regvin - INFO - Creating Pyomo Model (debug=True)
2020-08-31 21:55:57,546 - regvin - INFO - -----Solving Pyomo Model (debug=True)
2020-08-31 21:56:00,184 - regvin - INFO - Finished. Fixing debug flows...
2020-08-31 21:56:00,210 - regvin - INFO - All debug flows eliminated (iter=1, vol=0.00)
2020-08-31 21:56:00,268 - regvin - INFO - Creating Pyomo Model (debug=False)
2020-08-31 21:56:03,909 - regvin - INFO - -----Solving Pyomo Model (debug=False)
2020-08-31 21:56:04,677 - regvin - INFO - Optimal Solution Found (debug=False).
2020-08-31 21:56:07,570 - regvin - INFO - Creating Pyomo Model (debug=True)
2020-08-31 21:56:11,771 - regvin - INFO - -----Solving Pyomo Model (debug=True)
2020-08-31 21:56:12,756 - regvin - INFO - Finished. Fixing debug flows...
2020-08-31 21:56:12,774 - regvin - INFO - All debug flows eliminated (iter=1, vol=0.00)
2020-08-31 21:56:12,822 - regvin - INFO - Creating Pyomo Model (debug=False)
2020-08-31 21:56:16,506 - regvin - INFO - -----Solving Pyomo Model (debug=False)
2020-08-31 21:56:17,259 - regvin - INFO - Optimal Solution Found (debug=False).
2020-08-31 21:56:20,389 - regvin - INFO - Creating Pyomo Model (debug=True)
2020-08-31 21:56:24,428 - regvin - INFO - -----Solving Pyomo Model (debug=True)
2020-08-31 21:56:25,691 - regvin - INFO - Finished. Fixing debug flows...
2020-08-31 21:56:25,709 - regvin - INFO - All debug flows eliminated (iter=1, vol=0.00)
2020-08-31 21:56:25,764 - regvin - INFO - Creating Pyomo Model (debug=False)
2020-08-31 21:56:29,816 - regvin - INFO - -----Solving Pyomo Model (debug=False)
2020-08-31 21:56:31,039 - regvin - INFO - Optimal Solution Found (debug=False).
2020-08-31 21:56:34,774 - regvin - INFO - Creating Pyomo Model (debug=True)
2020-08-31 21:56:39,734 - regvin - INFO - -----Solving Pyomo Model (debug=True)
2020-08-31 21:56:40,915 - regvin - INFO - Finished. Fixing debug flows...
2020-08-31 21:56:40,932 - regvin - INFO - All debug flows eliminated (iter=1, vol=0.00)
2020-08-31 21:56:40,983 - regvin - INFO - Creating Pyomo Model (debug=False)
2020-08-31 21:56:44,694 - regvin - INFO - -----Solving Pyomo Model (debug=False)
2020-08-31 21:56:45,486 - regvin - INFO - Optimal Solution Found (debug=False).
2020-08-31 21:56:48,468 - regvin - INFO - Creating Pyomo Model (debug=True)
2020-08-31 21:56:52,670 - regvin - INFO - -----Solving Pyomo Model (debug=True)
2020-08-31 21:56:53,634 - regvin - INFO - Finished. Fixing debug flows...
2020-08-31 21:56:53,650 - regvin - INFO - All debug flows eliminated (iter=1, vol=0.00)
2020-08-31 21:56:53,709 - regvin - INFO - Creating Pyomo Model (debug=False)
2020-08-31 21:56:57,797 - regvin - INFO - -----Solving Pyomo Model (debug=False)
2020-08-31 21:56:58,507 - regvin - INFO - Optimal Solution Found (debug=False).
2020-08-31 21:57:01,520 - regvin - INFO - Creating Pyomo Model (debug=True)
2020-08-31 21:57:05,758 - regvin - INFO - -----Solving Pyomo Model (debug=True)
2020-08-31 21:57:06,723 - regvin - INFO - Finished. Fixing debug flows...
2020-08-31 21:57:06,738 - regvin - INFO - All debug flows eliminated (iter=1, vol=0.00)
2020-08-31 21:57:06,787 - regvin - INFO - Creating Pyomo Model (debug=False)
2020-08-31 21:57:10,342 - regvin - INFO - -----Solving Pyomo Model (debug=False)
2020-08-31 21:57:11,085 - regvin - INFO - Optimal Solution Found (debug=False).
2020-08-31 21:57:13,824 - regvin - INFO - Creating Pyomo Model (debug=True)
2020-08-31 21:57:18,001 - regvin - INFO - -----Solving Pyomo Model (debug=True)
2020-08-31 21:57:18,986 - regvin - INFO - Finished. Fixing debug flows...
2020-08-31 21:57:19,006 - regvin - INFO - All debug flows eliminated (iter=1, vol=0.00)
2020-08-31 21:57:19,075 - regvin - INFO - Creating Pyomo Model (debug=False)
2020-08-31 21:57:22,688 - regvin - INFO - -----Solving Pyomo Model (debug=False)
2020-08-31 21:57:23,455 - regvin - INFO - Optimal Solution Found (debug=False).
2020-08-31 21:57:26,141 - regvin - INFO - Creating Pyomo Model (debug=True)
2020-08-31 21:57:30,231 - regvin - INFO - -----Solving Pyomo Model (debug=True)
2020-08-31 21:57:31,402 - regvin - INFO - Finished. Fixing debug flows...
2020-08-31 21:57:31,419 - regvin - INFO - All debug flows eliminated (iter=1, vol=0.00)
2020-08-31 21:57:31,469 - regvin - INFO - Creating Pyomo Model (debug=False)
2020-08-31 21:57:34,938 - regvin - INFO - -----Solving Pyomo Model (debug=False)
2020-08-31 21:57:35,864 - regvin - INFO - Optimal Solution Found (debug=False).
2020-08-31 21:57:38,756 - regvin - INFO - Creating Pyomo Model (debug=True)
2020-08-31 21:57:42,839 - regvin - INFO - -----Solving Pyomo Model (debug=True)
2020-08-31 21:57:43,950 - regvin - INFO - Finished. Fixing debug flows...
2020-08-31 21:57:43,967 - regvin - INFO - All debug flows eliminated (iter=1, vol=0.00)
2020-08-31 21:57:44,017 - regvin - INFO - Creating Pyomo Model (debug=False)
2020-08-31 21:57:47,508 - regvin - INFO - -----Solving Pyomo Model (debug=False)
2020-08-31 21:57:48,198 - regvin - INFO - Optimal Solution Found (debug=False).
2020-08-31 21:57:51,040 - regvin - INFO - Creating Pyomo Model (debug=True)
2020-08-31 21:57:55,175 - regvin - INFO - -----Solving Pyomo Model (debug=True)
2020-08-31 21:57:56,150 - regvin - INFO - Finished. Fixing debug flows...
2020-08-31 21:57:56,168 - regvin - INFO - All debug flows eliminated (iter=1, vol=0.00)
2020-08-31 21:57:56,219 - regvin - INFO - Creating Pyomo Model (debug=False)
2020-08-31 21:57:59,949 - regvin - INFO - -----Solving Pyomo Model (debug=False)
2020-08-31 21:58:00,780 - regvin - INFO - Optimal Solution Found (debug=False).
2020-08-31 21:58:03,600 - regvin - INFO - Creating Pyomo Model (debug=True)
2020-08-31 21:58:07,826 - regvin - INFO - -----Solving Pyomo Model (debug=True)
2020-08-31 21:58:08,798 - regvin - INFO - Finished. Fixing debug flows...
2020-08-31 21:58:08,815 - regvin - INFO - All debug flows eliminated (iter=1, vol=0.00)
2020-08-31 21:58:08,861 - regvin - INFO - Creating Pyomo Model (debug=False)
2020-08-31 21:58:12,766 - regvin - INFO - -----Solving Pyomo Model (debug=False)
2020-08-31 21:58:13,542 - regvin - INFO - Optimal Solution Found (debug=False).
2020-08-31 21:58:16,277 - regvin - INFO - Creating Pyomo Model (debug=True)
2020-08-31 21:58:20,431 - regvin - INFO - -----Solving Pyomo Model (debug=True)
2020-08-31 21:58:21,429 - regvin - INFO - Finished. Fixing debug flows...
2020-08-31 21:58:21,447 - regvin - INFO - All debug flows eliminated (iter=1, vol=0.00)
2020-08-31 21:58:21,494 - regvin - INFO - Creating Pyomo Model (debug=False)
2020-08-31 21:58:25,051 - regvin - INFO - -----Solving Pyomo Model (debug=False)
2020-08-31 21:58:25,804 - regvin - INFO - Optimal Solution Found (debug=False).
2020-08-31 21:58:28,609 - regvin - INFO - Creating Pyomo Model (debug=True)
2020-08-31 21:58:32,736 - regvin - INFO - -----Solving Pyomo Model (debug=True)
2020-08-31 21:58:33,891 - regvin - INFO - Finished. Fixing debug flows...
2020-08-31 21:58:33,908 - regvin - INFO - All debug flows eliminated (iter=1, vol=0.00)
2020-08-31 21:58:33,962 - regvin - INFO - Creating Pyomo Model (debug=False)
2020-08-31 21:58:37,384 - regvin - INFO - -----Solving Pyomo Model (debug=False)
2020-08-31 21:58:38,314 - regvin - INFO - Optimal Solution Found (debug=False).
2020-08-31 21:58:41,204 - regvin - INFO - Creating Pyomo Model (debug=True)
2020-08-31 21:58:45,230 - regvin - INFO - -----Solving Pyomo Model (debug=True)
2020-08-31 21:58:46,320 - regvin - INFO - Finished. Fixing debug flows...
2020-08-31 21:58:46,338 - regvin - INFO - All debug flows eliminated (iter=1, vol=0.00)
2020-08-31 21:58:46,414 - regvin - INFO - Creating Pyomo Model (debug=False)
2020-08-31 21:58:49,868 - regvin - INFO - -----Solving Pyomo Model (debug=False)
2020-08-31 21:58:50,632 - regvin - INFO - Optimal Solution Found (debug=False).
2020-08-31 21:58:53,531 - regvin - INFO - Creating Pyomo Model (debug=True)
2020-08-31 21:58:57,699 - regvin - INFO - -----Solving Pyomo Model (debug=True)
2020-08-31 21:58:58,676 - regvin - INFO - Finished. Fixing debug flows...
2020-08-31 21:58:58,693 - regvin - INFO - All debug flows eliminated (iter=1, vol=0.00)
2020-08-31 21:58:58,836 - regvin - INFO - Creating Pyomo Model (debug=False)
2020-08-31 21:59:02,396 - regvin - INFO - -----Solving Pyomo Model (debug=False)
2020-08-31 21:59:03,125 - regvin - INFO - Optimal Solution Found (debug=False).
2020-08-31 21:59:06,246 - regvin - INFO - Creating Pyomo Model (debug=True)
2020-08-31 21:59:11,254 - regvin - INFO - -----Solving Pyomo Model (debug=True)
2020-08-31 21:59:12,341 - regvin - INFO - Finished. Fixing debug flows...
2020-08-31 21:59:12,368 - regvin - INFO - All debug flows eliminated (iter=1, vol=0.00)
2020-08-31 21:59:12,448 - regvin - INFO - Creating Pyomo Model (debug=False)
2020-08-31 21:59:16,724 - regvin - INFO - -----Solving Pyomo Model (debug=False)
2020-08-31 21:59:17,536 - regvin - INFO - Optimal Solution Found (debug=False).
2020-08-31 21:59:24,439 - regvin - INFO - Creating Pyomo Model (debug=True)
2020-08-31 21:59:34,698 - regvin - INFO - -----Solving Pyomo Model (debug=True)
2020-08-31 21:59:36,211 - regvin - INFO - Finished. Fixing debug flows...
2020-08-31 21:59:36,238 - regvin - INFO - All debug flows eliminated (iter=1, vol=0.00)
2020-08-31 21:59:36,343 - regvin - INFO - Creating Pyomo Model (debug=False)
2020-08-31 21:59:42,235 - regvin - INFO - -----Solving Pyomo Model (debug=False)
2020-08-31 21:59:43,102 - regvin - INFO - Optimal Solution Found (debug=False).
2020-08-31 21:59:46,127 - regvin - INFO - Creating Pyomo Model (debug=True)
2020-08-31 21:59:50,445 - regvin - INFO - -----Solving Pyomo Model (debug=True)
2020-08-31 21:59:51,644 - regvin - INFO - Finished. Fixing debug flows...
2020-08-31 21:59:51,661 - regvin - INFO - All debug flows eliminated (iter=1, vol=0.00)
2020-08-31 21:59:51,717 - regvin - INFO - Creating Pyomo Model (debug=False)
2020-08-31 21:59:55,950 - regvin - INFO - -----Solving Pyomo Model (debug=False)
2020-08-31 21:59:56,964 - regvin - INFO - Optimal Solution Found (debug=False).
2020-08-31 22:00:00,613 - regvin - INFO - Creating Pyomo Model (debug=True)
2020-08-31 22:00:06,497 - regvin - INFO - -----Solving Pyomo Model (debug=True)
2020-08-31 22:00:09,398 - regvin - INFO - Finished. Fixing debug flows...
2020-08-31 22:00:09,418 - regvin - INFO - All debug flows eliminated (iter=1, vol=0.00)
2020-08-31 22:00:09,470 - regvin - INFO - Creating Pyomo Model (debug=False)
2020-08-31 22:00:13,141 - regvin - INFO - -----Solving Pyomo Model (debug=False)
2020-08-31 22:00:13,876 - regvin - INFO - Optimal Solution Found (debug=False).
2020-08-31 22:00:18,270 - regvin - INFO - Creating Pyomo Model (debug=True)
2020-08-31 22:00:24,368 - regvin - INFO - -----Solving Pyomo Model (debug=True)
2020-08-31 22:00:25,340 - regvin - INFO - Finished. Fixing debug flows...
2020-08-31 22:00:25,358 - regvin - INFO - All debug flows eliminated (iter=1, vol=0.00)
2020-08-31 22:00:25,412 - regvin - INFO - Creating Pyomo Model (debug=False)
2020-08-31 22:00:28,932 - regvin - INFO - -----Solving Pyomo Model (debug=False)
2020-08-31 22:00:29,728 - regvin - INFO - Optimal Solution Found (debug=False).
2020-08-31 22:00:32,775 - regvin - INFO - Creating Pyomo Model (debug=True)
2020-08-31 22:00:37,361 - regvin - INFO - -----Solving Pyomo Model (debug=True)
2020-08-31 22:00:38,449 - regvin - INFO - Finished. Fixing debug flows...
2020-08-31 22:00:38,466 - regvin - INFO - All debug flows eliminated (iter=1, vol=0.00)
2020-08-31 22:00:38,521 - regvin - INFO - Creating Pyomo Model (debug=False)
2020-08-31 22:00:42,876 - regvin - INFO - -----Solving Pyomo Model (debug=False)
2020-08-31 22:00:44,233 - regvin - INFO - Optimal Solution Found (debug=False).
2020-08-31 22:00:48,574 - regvin - INFO - Creating Pyomo Model (debug=True)
2020-08-31 22:00:53,955 - regvin - INFO - -----Solving Pyomo Model (debug=True)
2020-08-31 22:00:56,310 - regvin - INFO - Finished. Fixing debug flows...
2020-08-31 22:00:56,336 - regvin - INFO - All debug flows eliminated (iter=1, vol=0.00)
2020-08-31 22:00:56,389 - regvin - INFO - Creating Pyomo Model (debug=False)
2020-08-31 22:01:00,561 - regvin - INFO - -----Solving Pyomo Model (debug=False)
2020-08-31 22:01:01,351 - regvin - INFO - Optimal Solution Found (debug=False).
2020-08-31 22:01:04,232 - regvin - INFO - Creating Pyomo Model (debug=True)
2020-08-31 22:01:09,766 - regvin - INFO - -----Solving Pyomo Model (debug=True)
2020-08-31 22:01:11,550 - regvin - INFO - Finished. Fixing debug flows...
2020-08-31 22:01:11,578 - regvin - INFO - All debug flows eliminated (iter=1, vol=0.00)
2020-08-31 22:01:11,694 - regvin - INFO - Creating Pyomo Model (debug=False)
2020-08-31 22:01:16,734 - regvin - INFO - -----Solving Pyomo Model (debug=False)
2020-08-31 22:01:17,586 - regvin - INFO - Optimal Solution Found (debug=False).
2020-08-31 22:01:21,825 - regvin - INFO - Creating Pyomo Model (debug=True)
2020-08-31 22:01:26,729 - regvin - INFO - -----Solving Pyomo Model (debug=True)
2020-08-31 22:01:28,396 - regvin - INFO - Finished. Fixing debug flows...
2020-08-31 22:01:28,415 - regvin - INFO - All debug flows eliminated (iter=1, vol=0.00)
2020-08-31 22:01:28,465 - regvin - INFO - Creating Pyomo Model (debug=False)
2020-08-31 22:01:32,768 - regvin - INFO - -----Solving Pyomo Model (debug=False)
2020-08-31 22:01:33,641 - regvin - INFO - Optimal Solution Found (debug=False).
2020-08-31 22:01:37,317 - regvin - INFO - Creating Pyomo Model (debug=True)
2020-08-31 22:01:42,528 - regvin - INFO - -----Solving Pyomo Model (debug=True)
2020-08-31 22:01:43,606 - regvin - INFO - Finished. Fixing debug flows...
2020-08-31 22:01:43,731 - regvin - INFO - All debug flows eliminated (iter=1, vol=0.00)
2020-08-31 22:01:43,837 - regvin - INFO - Creating Pyomo Model (debug=False)
2020-08-31 22:01:48,048 - regvin - INFO - -----Solving Pyomo Model (debug=False)
2020-08-31 22:01:48,901 - regvin - INFO - Optimal Solution Found (debug=False).
2020-08-31 22:01:51,916 - regvin - INFO - Creating Pyomo Model (debug=True)
2020-08-31 22:01:56,950 - regvin - INFO - -----Solving Pyomo Model (debug=True)
2020-08-31 22:01:58,307 - regvin - INFO - Finished. Fixing debug flows...
2020-08-31 22:01:58,326 - regvin - INFO - All debug flows eliminated (iter=1, vol=0.00)
2020-08-31 22:01:58,434 - regvin - INFO - Creating Pyomo Model (debug=False)
2020-08-31 22:02:03,867 - regvin - INFO - -----Solving Pyomo Model (debug=False)
2020-08-31 22:02:04,609 - regvin - INFO - Optimal Solution Found (debug=False).
2020-08-31 22:02:08,851 - regvin - INFO - Creating Pyomo Model (debug=True)
2020-08-31 22:02:13,140 - regvin - INFO - -----Solving Pyomo Model (debug=True)
2020-08-31 22:02:14,218 - regvin - INFO - Finished. Fixing debug flows...
2020-08-31 22:02:14,236 - regvin - INFO - All debug flows eliminated (iter=1, vol=0.00)
2020-08-31 22:02:14,293 - regvin - INFO - Creating Pyomo Model (debug=False)
2020-08-31 22:02:18,057 - regvin - INFO - -----Solving Pyomo Model (debug=False)
2020-08-31 22:02:18,800 - regvin - INFO - Optimal Solution Found (debug=False).
2020-08-31 22:02:21,722 - regvin - INFO - Creating Pyomo Model (debug=True)
2020-08-31 22:02:25,875 - regvin - INFO - -----Solving Pyomo Model (debug=True)
2020-08-31 22:02:27,048 - regvin - INFO - Finished. Fixing debug flows...
2020-08-31 22:02:27,069 - regvin - INFO - All debug flows eliminated (iter=1, vol=0.00)
2020-08-31 22:02:27,121 - regvin - INFO - Creating Pyomo Model (debug=False)
2020-08-31 22:02:30,833 - regvin - INFO - -----Solving Pyomo Model (debug=False)
2020-08-31 22:02:31,828 - regvin - INFO - Optimal Solution Found (debug=False).
2020-08-31 22:02:34,831 - regvin - INFO - Creating Pyomo Model (debug=True)
2020-08-31 22:02:40,850 - regvin - INFO - -----Solving Pyomo Model (debug=True)
2020-08-31 22:02:43,056 - regvin - INFO - Finished. Fixing debug flows...
2020-08-31 22:02:43,080 - regvin - INFO - All debug flows eliminated (iter=1, vol=0.00)
2020-08-31 22:02:43,144 - regvin - INFO - Creating Pyomo Model (debug=False)
2020-08-31 22:02:47,577 - regvin - INFO - -----Solving Pyomo Model (debug=False)
2020-08-31 22:02:48,526 - regvin - INFO - Optimal Solution Found (debug=False).
2020-08-31 22:02:53,606 - regvin - INFO - Creating Pyomo Model (debug=True)
2020-08-31 22:02:58,028 - regvin - INFO - -----Solving Pyomo Model (debug=True)
2020-08-31 22:02:59,152 - regvin - INFO - Finished. Fixing debug flows...
2020-08-31 22:02:59,169 - regvin - INFO - All debug flows eliminated (iter=1, vol=0.00)
2020-08-31 22:02:59,224 - regvin - INFO - Creating Pyomo Model (debug=False)
2020-08-31 22:03:03,038 - regvin - INFO - -----Solving Pyomo Model (debug=False)
2020-08-31 22:03:03,792 - regvin - INFO - Optimal Solution Found (debug=False).
2020-08-31 22:03:06,674 - regvin - INFO - Creating Pyomo Model (debug=True)
2020-08-31 22:03:11,919 - regvin - INFO - -----Solving Pyomo Model (debug=True)
2020-08-31 22:03:13,032 - regvin - INFO - Finished. Fixing debug flows...
2020-08-31 22:03:13,065 - regvin - INFO - All debug flows eliminated (iter=1, vol=0.00)
2020-08-31 22:03:13,185 - regvin - INFO - Creating Pyomo Model (debug=False)
2020-08-31 22:03:20,835 - regvin - INFO - -----Solving Pyomo Model (debug=False)
2020-08-31 22:03:21,611 - regvin - INFO - Optimal Solution Found (debug=False).
2020-08-31 22:03:24,529 - regvin - INFO - Creating Pyomo Model (debug=True)
2020-08-31 22:03:28,759 - regvin - INFO - -----Solving Pyomo Model (debug=True)
2020-08-31 22:03:29,829 - regvin - INFO - Finished. Fixing debug flows...
2020-08-31 22:03:29,847 - regvin - INFO - All debug flows eliminated (iter=1, vol=0.00)
2020-08-31 22:03:29,894 - regvin - INFO - Creating Pyomo Model (debug=False)
2020-08-31 22:03:33,530 - regvin - INFO - -----Solving Pyomo Model (debug=False)
2020-08-31 22:03:34,254 - regvin - INFO - Optimal Solution Found (debug=False).
2020-08-31 22:03:36,977 - regvin - INFO - Creating Pyomo Model (debug=True)
2020-08-31 22:03:41,102 - regvin - INFO - -----Solving Pyomo Model (debug=True)
2020-08-31 22:03:42,252 - regvin - INFO - Finished. Fixing debug flows...
2020-08-31 22:03:42,269 - regvin - INFO - All debug flows eliminated (iter=1, vol=0.00)
2020-08-31 22:03:42,318 - regvin - INFO - Creating Pyomo Model (debug=False)
2020-08-31 22:03:45,813 - regvin - INFO - -----Solving Pyomo Model (debug=False)
2020-08-31 22:03:46,699 - regvin - INFO - Optimal Solution Found (debug=False).
2020-08-31 22:03:49,512 - regvin - INFO - Creating Pyomo Model (debug=True)
2020-08-31 22:03:53,559 - regvin - INFO - -----Solving Pyomo Model (debug=True)
2020-08-31 22:03:54,675 - regvin - INFO - Finished. Fixing debug flows...
2020-08-31 22:03:54,688 - regvin - INFO - Volume to reduce: 4.40e+01
2020-08-31 22:03:54,747 - regvin - INFO - D9.1991-01-31_D85.1991-01-31 LB reduced by 4.40e+01 (59.19%). Dual=4.00e+08
2020-08-31 22:03:54,749 - regvin - INFO - Volume to reduce: 3.09e+01
2020-08-31 22:03:54,809 - regvin - INFO - D9.1991-02-28_D85.1991-02-28 LB reduced by 3.09e+01 (54.06%). Dual=4.00e+08
2020-08-31 22:03:54,817 - regvin - INFO - -----Solving Pyomo Model (debug=True)
2020-08-31 22:03:55,813 - regvin - INFO - Finished. Fixing debug flows...
2020-08-31 22:03:55,837 - regvin - INFO - All debug flows eliminated (iter=2, vol=74.86)
2020-08-31 22:03:55,887 - regvin - INFO - Creating Pyomo Model (debug=False)
2020-08-31 22:03:59,344 - regvin - INFO - -----Solving Pyomo Model (debug=False)
2020-08-31 22:04:00,254 - regvin - INFO - Optimal Solution Found (debug=False).
2020-08-31 22:04:03,031 - regvin - INFO - Creating Pyomo Model (debug=True)
2020-08-31 22:04:07,325 - regvin - INFO - -----Solving Pyomo Model (debug=True)
2020-08-31 22:04:08,427 - regvin - INFO - Finished. Fixing debug flows...
2020-08-31 22:04:08,447 - regvin - INFO - All debug flows eliminated (iter=1, vol=0.00)
2020-08-31 22:04:08,496 - regvin - INFO - Creating Pyomo Model (debug=False)
2020-08-31 22:04:12,373 - regvin - INFO - -----Solving Pyomo Model (debug=False)
2020-08-31 22:04:13,295 - regvin - INFO - Optimal Solution Found (debug=False).
2020-08-31 22:04:16,370 - regvin - INFO - Creating Pyomo Model (debug=True)
2020-08-31 22:04:21,764 - regvin - INFO - -----Solving Pyomo Model (debug=True)
2020-08-31 22:04:22,889 - regvin - INFO - Finished. Fixing debug flows...
2020-08-31 22:04:22,915 - regvin - INFO - All debug flows eliminated (iter=1, vol=0.00)
2020-08-31 22:04:22,971 - regvin - INFO - Creating Pyomo Model (debug=False)
2020-08-31 22:04:26,639 - regvin - INFO - -----Solving Pyomo Model (debug=False)
2020-08-31 22:04:27,332 - regvin - INFO - Optimal Solution Found (debug=False).
2020-08-31 22:04:31,033 - regvin - INFO - Creating Pyomo Model (debug=True)
2020-08-31 22:04:36,024 - regvin - INFO - -----Solving Pyomo Model (debug=True)
2020-08-31 22:04:37,357 - regvin - INFO - Finished. Fixing debug flows...
2020-08-31 22:04:37,376 - regvin - INFO - All debug flows eliminated (iter=1, vol=0.00)
2020-08-31 22:04:37,445 - regvin - INFO - Creating Pyomo Model (debug=False)
2020-08-31 22:04:41,553 - regvin - INFO - -----Solving Pyomo Model (debug=False)
2020-08-31 22:04:42,319 - regvin - INFO - Optimal Solution Found (debug=False).
2020-08-31 22:04:45,630 - regvin - INFO - Creating Pyomo Model (debug=True)
2020-08-31 22:04:50,230 - regvin - INFO - -----Solving Pyomo Model (debug=True)
2020-08-31 22:04:51,296 - regvin - INFO - Finished. Fixing debug flows...
2020-08-31 22:04:51,316 - regvin - INFO - All debug flows eliminated (iter=1, vol=0.00)
2020-08-31 22:04:51,371 - regvin - INFO - Creating Pyomo Model (debug=False)
2020-08-31 22:04:55,438 - regvin - INFO - -----Solving Pyomo Model (debug=False)
2020-08-31 22:04:56,193 - regvin - INFO - Optimal Solution Found (debug=False).
2020-08-31 22:04:58,928 - regvin - INFO - Creating Pyomo Model (debug=True)
2020-08-31 22:05:03,871 - regvin - INFO - -----Solving Pyomo Model (debug=True)
2020-08-31 22:05:05,082 - regvin - INFO - Finished. Fixing debug flows...
2020-08-31 22:05:05,103 - regvin - INFO - All debug flows eliminated (iter=1, vol=0.00)
2020-08-31 22:05:05,159 - regvin - INFO - Creating Pyomo Model (debug=False)
2020-08-31 22:05:10,868 - regvin - INFO - -----Solving Pyomo Model (debug=False)
2020-08-31 22:05:12,089 - regvin - INFO - Optimal Solution Found (debug=False).
2020-08-31 22:05:17,280 - regvin - INFO - Creating Pyomo Model (debug=True)
2020-08-31 22:05:23,220 - regvin - INFO - -----Solving Pyomo Model (debug=True)
2020-08-31 22:05:24,936 - regvin - INFO - Finished. Fixing debug flows...
2020-08-31 22:05:24,969 - regvin - INFO - All debug flows eliminated (iter=1, vol=0.00)
2020-08-31 22:05:25,052 - regvin - INFO - Creating Pyomo Model (debug=False)
2020-08-31 22:05:30,357 - regvin - INFO - -----Solving Pyomo Model (debug=False)
2020-08-31 22:05:31,844 - regvin - INFO - Optimal Solution Found (debug=False).
2020-08-31 22:05:36,917 - regvin - INFO - Creating Pyomo Model (debug=True)
2020-08-31 22:05:49,698 - regvin - INFO - -----Solving Pyomo Model (debug=True)
2020-08-31 22:05:53,100 - regvin - INFO - Finished. Fixing debug flows...
2020-08-31 22:05:53,145 - regvin - INFO - All debug flows eliminated (iter=1, vol=0.00)
2020-08-31 22:05:53,271 - regvin - INFO - Creating Pyomo Model (debug=False)
2020-08-31 22:06:02,435 - regvin - INFO - -----Solving Pyomo Model (debug=False)
2020-08-31 22:06:03,846 - regvin - INFO - Optimal Solution Found (debug=False).
2020-08-31 22:06:09,137 - regvin - INFO - Creating Pyomo Model (debug=True)
2020-08-31 22:06:17,337 - regvin - INFO - -----Solving Pyomo Model (debug=True)
2020-08-31 22:06:18,888 - regvin - INFO - Finished. Fixing debug flows...
2020-08-31 22:06:18,935 - regvin - INFO - All debug flows eliminated (iter=1, vol=0.00)
2020-08-31 22:06:19,113 - regvin - INFO - Creating Pyomo Model (debug=False)
2020-08-31 22:06:24,696 - regvin - INFO - -----Solving Pyomo Model (debug=False)
2020-08-31 22:06:25,446 - regvin - INFO - Optimal Solution Found (debug=False).
2020-08-31 22:06:28,778 - regvin - INFO - Creating Pyomo Model (debug=True)
2020-08-31 22:06:33,819 - regvin - INFO - -----Solving Pyomo Model (debug=True)
2020-08-31 22:06:34,943 - regvin - INFO - Finished. Fixing debug flows...
2020-08-31 22:06:34,965 - regvin - INFO - All debug flows eliminated (iter=1, vol=0.00)
2020-08-31 22:06:35,041 - regvin - INFO - Creating Pyomo Model (debug=False)
2020-08-31 22:06:40,123 - regvin - INFO - -----Solving Pyomo Model (debug=False)
2020-08-31 22:06:40,987 - regvin - INFO - Optimal Solution Found (debug=False).
2020-08-31 22:06:44,614 - regvin - INFO - Creating Pyomo Model (debug=True)
2020-08-31 22:06:50,682 - regvin - INFO - -----Solving Pyomo Model (debug=True)
2020-08-31 22:06:52,058 - regvin - INFO - Finished. Fixing debug flows...
2020-08-31 22:06:52,076 - regvin - INFO - All debug flows eliminated (iter=1, vol=0.00)
2020-08-31 22:06:52,148 - regvin - INFO - Creating Pyomo Model (debug=False)
2020-08-31 22:06:57,051 - regvin - INFO - -----Solving Pyomo Model (debug=False)
2020-08-31 22:06:57,900 - regvin - INFO - Optimal Solution Found (debug=False).
2020-08-31 22:07:01,019 - regvin - INFO - Creating Pyomo Model (debug=True)
2020-08-31 22:07:05,395 - regvin - INFO - -----Solving Pyomo Model (debug=True)
2020-08-31 22:07:07,174 - regvin - INFO - Finished. Fixing debug flows...
2020-08-31 22:07:07,220 - regvin - INFO - All debug flows eliminated (iter=1, vol=0.00)
2020-08-31 22:07:07,310 - regvin - INFO - Creating Pyomo Model (debug=False)
2020-08-31 22:07:11,106 - regvin - INFO - -----Solving Pyomo Model (debug=False)
2020-08-31 22:07:12,043 - regvin - INFO - Optimal Solution Found (debug=False).
2020-08-31 22:07:15,554 - regvin - INFO - Creating Pyomo Model (debug=True)
2020-08-31 22:07:20,168 - regvin - INFO - -----Solving Pyomo Model (debug=True)
2020-08-31 22:07:21,382 - regvin - INFO - Finished. Fixing debug flows...
2020-08-31 22:07:21,404 - regvin - INFO - All debug flows eliminated (iter=1, vol=0.00)
2020-08-31 22:07:21,452 - regvin - INFO - Creating Pyomo Model (debug=False)
2020-08-31 22:07:25,252 - regvin - INFO - -----Solving Pyomo Model (debug=False)
2020-08-31 22:07:26,050 - regvin - INFO - Optimal Solution Found (debug=False).
